[1.017s] Invoking command in '/home/robotics/ros2_ws/src/ros2_teleop_keyboard': PYTHONPATH=/home/robotics/ros2_ws/install/teleop_twist_keyboard/lib/python3.8/site-packages:${PYTHONPATH} /usr/bin/python3 setup.py egg_info --egg-base ../../build/teleop_twist_keyboard build --build-base /home/robotics/ros2_ws/build/teleop_twist_keyboard/build install --prefix /home/robotics/ros2_ws/install/teleop_twist_keyboard --record /home/robotics/ros2_ws/build/teleop_twist_keyboard/install.log --single-version-externally-managed
[1.772s] running egg_info
[1.776s] creating ../../build/teleop_twist_keyboard/teleop_twist_keyboard.egg-info
[1.776s] writing ../../build/teleop_twist_keyboard/teleop_twist_keyboard.egg-info/PKG-INFO
[1.777s] writing dependency_links to ../../build/teleop_twist_keyboard/teleop_twist_keyboard.egg-info/dependency_links.txt
[1.781s] writing entry points to ../../build/teleop_twist_keyboard/teleop_twist_keyboard.egg-info/entry_points.txt
[1.782s] writing requirements to ../../build/teleop_twist_keyboard/teleop_twist_keyboard.egg-info/requires.txt
[1.783s] writing top-level names to ../../build/teleop_twist_keyboard/teleop_twist_keyboard.egg-info/top_level.txt
[1.788s] writing manifest file '../../build/teleop_twist_keyboard/teleop_twist_keyboard.egg-info/SOURCES.txt'
[1.888s] reading manifest file '../../build/teleop_twist_keyboard/teleop_twist_keyboard.egg-info/SOURCES.txt'
[1.891s] writing manifest file '../../build/teleop_twist_keyboard/teleop_twist_keyboard.egg-info/SOURCES.txt'
[1.892s] running build
[1.892s] running build_py
[1.893s] creating /home/robotics/ros2_ws/build/teleop_twist_keyboard/build
[1.895s] creating /home/robotics/ros2_ws/build/teleop_twist_keyboard/build/lib
[1.896s] copying teleop_twist_keyboard.py -> /home/robotics/ros2_ws/build/teleop_twist_keyboard/build/lib
[1.897s] running install
[1.899s] running install_lib
[1.902s] copying /home/robotics/ros2_ws/build/teleop_twist_keyboard/build/lib/teleop_twist_keyboard.py -> /home/robotics/ros2_ws/install/teleop_twist_keyboard/lib/python3.8/site-packages
[1.905s] byte-compiling /home/robotics/ros2_ws/install/teleop_twist_keyboard/lib/python3.8/site-packages/teleop_twist_keyboard.py to teleop_twist_keyboard.cpython-38.pyc
[1.912s] running install_egg_info
[1.917s] Copying ../../build/teleop_twist_keyboard/teleop_twist_keyboard.egg-info to /home/robotics/ros2_ws/install/teleop_twist_keyboard/lib/python3.8/site-packages/teleop_twist_keyboard-0.0.0-py3.8.egg-info
[1.922s] running install_scripts
[1.973s] Installing teleop_twist_keyboard script to /home/robotics/ros2_ws/install/teleop_twist_keyboard/bin
[1.975s] writing list of installed files to '/home/robotics/ros2_ws/build/teleop_twist_keyboard/install.log'
[2.035s] Invoked command in '/home/robotics/ros2_ws/src/ros2_teleop_keyboard' returned '0': PYTHONPATH=/home/robotics/ros2_ws/install/teleop_twist_keyboard/lib/python3.8/site-packages:${PYTHONPATH} /usr/bin/python3 setup.py egg_info --egg-base ../../build/teleop_twist_keyboard build --build-base /home/robotics/ros2_ws/build/teleop_twist_keyboard/build install --prefix /home/robotics/ros2_ws/install/teleop_twist_keyboard --record /home/robotics/ros2_ws/build/teleop_twist_keyboard/install.log --single-version-externally-managed
