[0.962s] DEBUG:colcon:Command line arguments: ['/usr/bin/colcon', 'build']
[0.963s] DEBUG:colcon:Parsed command line arguments: Namespace(ament_cmake_args=None, base_paths=['.'], build_base='build', catkin_cmake_args=None, catkin_skip_building_tests=False, cmake_args=None, cmake_clean_cache=False, cmake_clean_first=False, cmake_force_configure=False, cmake_target=None, cmake_target_skip_unavailable=False, continue_on_error=False, event_handlers=None, executor='parallel', ignore_user_meta=False, install_base='install', log_base=None, log_level=None, main=<bound method BuildVerb.main of <colcon_core.verb.build.BuildVerb object at 0x7f35988ab7f0>>, merge_install=False, metas=['./colcon.meta'], packages_above=None, packages_above_and_dependencies=None, packages_above_depth=None, packages_end=None, packages_ignore=None, packages_ignore_regex=None, packages_select=None, packages_select_build_failed=False, packages_select_by_dep=None, packages_select_regex=None, packages_select_test_failures=False, packages_skip=None, packages_skip_build_finished=False, packages_skip_by_dep=None, packages_skip_regex=None, packages_skip_test_passed=False, packages_skip_up_to=None, packages_start=None, packages_up_to=None, packages_up_to_regex=None, parallel_workers=1, paths=None, symlink_install=False, test_result_base=None, verb_extension=<colcon_core.verb.build.BuildVerb object at 0x7f35988ab7f0>, verb_name='build', verb_parser=<colcon_defaults.argument_parser.defaults.DefaultArgumentsDecorator object at 0x7f35988abd60>)
[0.979s] Level 1:colcon.colcon_core.package_discovery:discover_packages(colcon_meta) check parameters
[0.980s] Level 1:colcon.colcon_core.package_discovery:discover_packages(recursive) check parameters
[0.980s] Level 1:colcon.colcon_core.package_discovery:discover_packages(ignore) check parameters
[0.980s] Level 1:colcon.colcon_core.package_discovery:discover_packages(path) check parameters
[0.981s] Level 1:colcon.colcon_core.package_discovery:discover_packages(colcon_meta) discover
[0.981s] Level 1:colcon.colcon_core.package_discovery:discover_packages(recursive) discover
[0.982s] INFO:colcon.colcon_core.package_discovery:Crawling recursively for packages in '/home/robotics/ros2_ws'
[0.982s] Level 1:colcon.colcon_core.package_identification:_identify(.) by extensions ['ignore', 'ignore_ament_install']
[0.982s] Level 1:colcon.colcon_core.package_identification:_identify(.) by extension 'ignore'
[0.983s] Level 1:colcon.colcon_core.package_identification:_identify(.) by extension 'ignore_ament_install'
[0.983s] Level 1:colcon.colcon_core.package_identification:_identify(.) by extensions ['colcon_pkg']
[0.983s] Level 1:colcon.colcon_core.package_identification:_identify(.) by extension 'colcon_pkg'
[0.983s] Level 1:colcon.colcon_core.package_identification:_identify(.) by extensions ['colcon_meta']
[0.983s] Level 1:colcon.colcon_core.package_identification:_identify(.) by extension 'colcon_meta'
[0.983s] Level 1:colcon.colcon_core.package_identification:_identify(.) by extensions ['ros']
[0.984s] Level 1:colcon.colcon_core.package_identification:_identify(.) by extension 'ros'
[1.017s] Level 1:colcon.colcon_core.package_identification:_identify(.) by extensions ['cmake', 'python']
[1.017s] Level 1:colcon.colcon_core.package_identification:_identify(.) by extension 'cmake'
[1.017s] Level 1:colcon.colcon_core.package_identification:_identify(.) by extension 'python'
[1.017s] Level 1:colcon.colcon_core.package_identification:_identify(.) by extensions ['python_setup_py']
[1.018s] Level 1:colcon.colcon_core.package_identification:_identify(.) by extension 'python_setup_py'
[1.018s] Level 1:colcon.colcon_core.package_identification:_identify(build) by extensions ['ignore', 'ignore_ament_install']
[1.018s] Level 1:colcon.colcon_core.package_identification:_identify(build) by extension 'ignore'
[1.018s] Level 1:colcon.colcon_core.package_identification:_identify(build) ignored
[1.019s] Level 1:colcon.colcon_core.package_identification:_identify(install) by extensions ['ignore', 'ignore_ament_install']
[1.019s] Level 1:colcon.colcon_core.package_identification:_identify(install) by extension 'ignore'
[1.019s] Level 1:colcon.colcon_core.package_identification:_identify(install) ignored
[1.020s] Level 1:colcon.colcon_core.package_identification:_identify(log) by extensions ['ignore', 'ignore_ament_install']
[1.020s] Level 1:colcon.colcon_core.package_identification:_identify(log) by extension 'ignore'
[1.020s] Level 1:colcon.colcon_core.package_identification:_identify(log) ignored
[1.020s] Level 1:colcon.colcon_core.package_identification:_identify(src) by extensions ['ignore', 'ignore_ament_install']
[1.021s] Level 1:colcon.colcon_core.package_identification:_identify(src) by extension 'ignore'
[1.021s] Level 1:colcon.colcon_core.package_identification:_identify(src) by extension 'ignore_ament_install'
[1.022s] Level 1:colcon.colcon_core.package_identification:_identify(src) by extensions ['colcon_pkg']
[1.022s] Level 1:colcon.colcon_core.package_identification:_identify(src) by extension 'colcon_pkg'
[1.022s] Level 1:colcon.colcon_core.package_identification:_identify(src) by extensions ['colcon_meta']
[1.022s] Level 1:colcon.colcon_core.package_identification:_identify(src) by extension 'colcon_meta'
[1.023s] Level 1:colcon.colcon_core.package_identification:_identify(src) by extensions ['ros']
[1.023s] Level 1:colcon.colcon_core.package_identification:_identify(src) by extension 'ros'
[1.023s] Level 1:colcon.colcon_core.package_identification:_identify(src) by extensions ['cmake', 'python']
[1.023s] Level 1:colcon.colcon_core.package_identification:_identify(src) by extension 'cmake'
[1.023s] Level 1:colcon.colcon_core.package_identification:_identify(src) by extension 'python'
[1.024s] Level 1:colcon.colcon_core.package_identification:_identify(src) by extensions ['python_setup_py']
[1.024s] Level 1:colcon.colcon_core.package_identification:_identify(src) by extension 'python_setup_py'
[1.024s] Level 1:colcon.colcon_core.package_identification:_identify(src/blink_publisher) by extensions ['ignore', 'ignore_ament_install']
[1.024s] Level 1:colcon.colcon_core.package_identification:_identify(src/blink_publisher) by extension 'ignore'
[1.025s] Level 1:colcon.colcon_core.package_identification:_identify(src/blink_publisher) by extension 'ignore_ament_install'
[1.025s] Level 1:colcon.colcon_core.package_identification:_identify(src/blink_publisher) by extensions ['colcon_pkg']
[1.026s] Level 1:colcon.colcon_core.package_identification:_identify(src/blink_publisher) by extension 'colcon_pkg'
[1.027s] Level 1:colcon.colcon_core.package_identification:_identify(src/blink_publisher) by extensions ['colcon_meta']
[1.027s] Level 1:colcon.colcon_core.package_identification:_identify(src/blink_publisher) by extension 'colcon_meta'
[1.028s] Level 1:colcon.colcon_core.package_identification:_identify(src/blink_publisher) by extensions ['ros']
[1.035s] Level 1:colcon.colcon_core.package_identification:_identify(src/blink_publisher) by extension 'ros'
[1.042s] DEBUG:colcon.colcon_core.package_identification:Package 'src/blink_publisher' with type 'ros.ament_python' and name 'blink_publisher'
[1.043s] Level 1:colcon.colcon_core.package_identification:_identify(src/ros2_teleop_keyboard) by extensions ['ignore', 'ignore_ament_install']
[1.043s] Level 1:colcon.colcon_core.package_identification:_identify(src/ros2_teleop_keyboard) by extension 'ignore'
[1.043s] Level 1:colcon.colcon_core.package_identification:_identify(src/ros2_teleop_keyboard) by extension 'ignore_ament_install'
[1.044s] Level 1:colcon.colcon_core.package_identification:_identify(src/ros2_teleop_keyboard) by extensions ['colcon_pkg']
[1.044s] Level 1:colcon.colcon_core.package_identification:_identify(src/ros2_teleop_keyboard) by extension 'colcon_pkg'
[1.044s] Level 1:colcon.colcon_core.package_identification:_identify(src/ros2_teleop_keyboard) by extensions ['colcon_meta']
[1.044s] Level 1:colcon.colcon_core.package_identification:_identify(src/ros2_teleop_keyboard) by extension 'colcon_meta'
[1.044s] Level 1:colcon.colcon_core.package_identification:_identify(src/ros2_teleop_keyboard) by extensions ['ros']
[1.045s] Level 1:colcon.colcon_core.package_identification:_identify(src/ros2_teleop_keyboard) by extension 'ros'
[1.047s] DEBUG:colcon.colcon_core.package_identification:Package 'src/ros2_teleop_keyboard' with type 'ros.ament_python' and name 'ros2_teleop_keyboard'
[1.047s] Level 1:colcon.colcon_core.package_discovery:discover_packages(recursive) using defaults
[1.047s] Level 1:colcon.colcon_core.package_discovery:discover_packages(ignore) discover
[1.047s] Level 1:colcon.colcon_core.package_discovery:discover_packages(ignore) using defaults
[1.048s] Level 1:colcon.colcon_core.package_discovery:discover_packages(path) discover
[1.048s] Level 1:colcon.colcon_core.package_discovery:discover_packages(path) using defaults
[1.124s] Level 5:colcon.colcon_core.verb:set package 'blink_publisher' build argument 'cmake_args' from command line to 'None'
[1.125s] Level 5:colcon.colcon_core.verb:set package 'blink_publisher' build argument 'cmake_target' from command line to 'None'
[1.125s] Level 5:colcon.colcon_core.verb:set package 'blink_publisher' build argument 'cmake_target_skip_unavailable' from command line to 'False'
[1.125s] Level 5:colcon.colcon_core.verb:set package 'blink_publisher' build argument 'cmake_clean_cache' from command line to 'False'
[1.125s] Level 5:colcon.colcon_core.verb:set package 'blink_publisher' build argument 'cmake_clean_first' from command line to 'False'
[1.125s] Level 5:colcon.colcon_core.verb:set package 'blink_publisher' build argument 'cmake_force_configure' from command line to 'False'
[1.125s] Level 5:colcon.colcon_core.verb:set package 'blink_publisher' build argument 'ament_cmake_args' from command line to 'None'
[1.126s] Level 5:colcon.colcon_core.verb:set package 'blink_publisher' build argument 'catkin_cmake_args' from command line to 'None'
[1.126s] Level 5:colcon.colcon_core.verb:set package 'blink_publisher' build argument 'catkin_skip_building_tests' from command line to 'False'
[1.126s] DEBUG:colcon.colcon_core.verb:Building package 'blink_publisher' with the following arguments: {'ament_cmake_args': None, 'build_base': '/home/robotics/ros2_ws/build/blink_publisher', 'catkin_cmake_args': None, 'catkin_skip_building_tests': False, 'cmake_args': None, 'cmake_clean_cache': False, 'cmake_clean_first': False, 'cmake_force_configure': False, 'cmake_target': None, 'cmake_target_skip_unavailable': False, 'install_base': '/home/robotics/ros2_ws/install/blink_publisher', 'merge_install': False, 'path': '/home/robotics/ros2_ws/src/blink_publisher', 'symlink_install': False, 'test_result_base': None}
[1.139s] Level 5:colcon.colcon_core.verb:set package 'ros2_teleop_keyboard' build argument 'cmake_args' from command line to 'None'
[1.141s] Level 5:colcon.colcon_core.verb:set package 'ros2_teleop_keyboard' build argument 'cmake_target' from command line to 'None'
[1.141s] Level 5:colcon.colcon_core.verb:set package 'ros2_teleop_keyboard' build argument 'cmake_target_skip_unavailable' from command line to 'False'
[1.141s] Level 5:colcon.colcon_core.verb:set package 'ros2_teleop_keyboard' build argument 'cmake_clean_cache' from command line to 'False'
[1.142s] Level 5:colcon.colcon_core.verb:set package 'ros2_teleop_keyboard' build argument 'cmake_clean_first' from command line to 'False'
[1.142s] Level 5:colcon.colcon_core.verb:set package 'ros2_teleop_keyboard' build argument 'cmake_force_configure' from command line to 'False'
[1.142s] Level 5:colcon.colcon_core.verb:set package 'ros2_teleop_keyboard' build argument 'ament_cmake_args' from command line to 'None'
[1.146s] Level 5:colcon.colcon_core.verb:set package 'ros2_teleop_keyboard' build argument 'catkin_cmake_args' from command line to 'None'
[1.146s] Level 5:colcon.colcon_core.verb:set package 'ros2_teleop_keyboard' build argument 'catkin_skip_building_tests' from command line to 'False'
[1.147s] DEBUG:colcon.colcon_core.verb:Building package 'ros2_teleop_keyboard' with the following arguments: {'ament_cmake_args': None, 'build_base': '/home/robotics/ros2_ws/build/ros2_teleop_keyboard', 'catkin_cmake_args': None, 'catkin_skip_building_tests': False, 'cmake_args': None, 'cmake_clean_cache': False, 'cmake_clean_first': False, 'cmake_force_configure': False, 'cmake_target': None, 'cmake_target_skip_unavailable': False, 'install_base': '/home/robotics/ros2_ws/install/ros2_teleop_keyboard', 'merge_install': False, 'path': '/home/robotics/ros2_ws/src/ros2_teleop_keyboard', 'symlink_install': False, 'test_result_base': None}
[1.148s] INFO:colcon.colcon_core.executor:Executing jobs using 'parallel' executor
[1.161s] DEBUG:colcon.colcon_parallel_executor.executor.parallel:run_until_complete
[1.161s] INFO:colcon.colcon_ros.task.ament_python.build:Building ROS package in '/home/robotics/ros2_ws/src/blink_publisher' with build type 'ament_python'
[1.162s] Level 1:colcon.colcon_core.shell:create_environment_hook('blink_publisher', 'ament_prefix_path')
[1.191s] INFO:colcon.colcon_core.plugin_system:Skipping extension 'colcon_core.shell.bat': Not used on non-Windows systems
[1.193s] INFO:colcon.colcon_core.shell:Creating environment hook '/home/robotics/ros2_ws/install/blink_publisher/share/blink_publisher/hook/ament_prefix_path.ps1'
[1.205s] INFO:colcon.colcon_core.shell:Creating environment descriptor '/home/robotics/ros2_ws/install/blink_publisher/share/blink_publisher/hook/ament_prefix_path.dsv'
[1.208s] INFO:colcon.colcon_core.shell:Creating environment hook '/home/robotics/ros2_ws/install/blink_publisher/share/blink_publisher/hook/ament_prefix_path.sh'
[1.220s] INFO:colcon.colcon_core.shell:Skip shell extension 'powershell' for command environment: Not usable outside of PowerShell
[1.224s] DEBUG:colcon.colcon_core.shell:Skip shell extension 'dsv' for command environment
[1.253s] DEBUG:colcon.colcon_core.shell:Ignoring prefix path '/opt/ros/foxy'
[3.277s] INFO:colcon.colcon_core.task.python.build:Building Python package in '/home/robotics/ros2_ws/src/blink_publisher'
[3.280s] INFO:colcon.colcon_core.shell:Skip shell extension 'powershell' for command environment: Not usable outside of PowerShell
[3.289s] DEBUG:colcon.colcon_core.shell:Skip shell extension 'dsv' for command environment
[3.319s] DEBUG:colcon.colcon_core.shell:Ignoring prefix path '/opt/ros/foxy'
[3.422s] DEBUG:colcon.colcon_core.event_handler.log_command:Invoking command in '/home/robotics/ros2_ws/src/blink_publisher': PYTHONPATH=/home/robotics/ros2_ws/install/blink_publisher/lib/python3.8/site-packages:${PYTHONPATH} /usr/bin/python3 setup.py egg_info --egg-base ../../build/blink_publisher build --build-base /home/robotics/ros2_ws/build/blink_publisher/build install --prefix /home/robotics/ros2_ws/install/blink_publisher --record /home/robotics/ros2_ws/build/blink_publisher/install.log --single-version-externally-managed
[7.555s] DEBUG:colcon.colcon_core.event_handler.log_command:Invoked command in '/home/robotics/ros2_ws/src/blink_publisher' returned '0': PYTHONPATH=/home/robotics/ros2_ws/install/blink_publisher/lib/python3.8/site-packages:${PYTHONPATH} /usr/bin/python3 setup.py egg_info --egg-base ../../build/blink_publisher build --build-base /home/robotics/ros2_ws/build/blink_publisher/build install --prefix /home/robotics/ros2_ws/install/blink_publisher --record /home/robotics/ros2_ws/build/blink_publisher/install.log --single-version-externally-managed
[7.603s] Level 1:colcon.colcon_core.environment:checking '/home/robotics/ros2_ws/install/blink_publisher' for CMake module files
[7.612s] Level 1:colcon.colcon_core.environment:checking '/home/robotics/ros2_ws/install/blink_publisher' for CMake config files
[7.626s] Level 1:colcon.colcon_core.environment:checking '/home/robotics/ros2_ws/install/blink_publisher/lib'
[7.630s] Level 1:colcon.colcon_core.environment:checking '/home/robotics/ros2_ws/install/blink_publisher/bin'
[7.635s] Level 1:colcon.colcon_core.environment:checking '/home/robotics/ros2_ws/install/blink_publisher/lib/pkgconfig/blink_publisher.pc'
[7.635s] Level 1:colcon.colcon_core.environment:checking '/home/robotics/ros2_ws/install/blink_publisher/lib/python3.8/site-packages'
[7.637s] Level 1:colcon.colcon_core.shell:create_environment_hook('blink_publisher', 'pythonpath')
[7.642s] INFO:colcon.colcon_core.shell:Creating environment hook '/home/robotics/ros2_ws/install/blink_publisher/share/blink_publisher/hook/pythonpath.ps1'
[7.662s] INFO:colcon.colcon_core.shell:Creating environment descriptor '/home/robotics/ros2_ws/install/blink_publisher/share/blink_publisher/hook/pythonpath.dsv'
[7.669s] INFO:colcon.colcon_core.shell:Creating environment hook '/home/robotics/ros2_ws/install/blink_publisher/share/blink_publisher/hook/pythonpath.sh'
[7.678s] Level 1:colcon.colcon_core.environment:create_environment_scripts_only(blink_publisher)
[7.680s] INFO:colcon.colcon_core.shell:Creating package script '/home/robotics/ros2_ws/install/blink_publisher/share/blink_publisher/package.ps1'
[7.702s] INFO:colcon.colcon_core.shell:Creating package descriptor '/home/robotics/ros2_ws/install/blink_publisher/share/blink_publisher/package.dsv'
[7.712s] INFO:colcon.colcon_core.shell:Creating package script '/home/robotics/ros2_ws/install/blink_publisher/share/blink_publisher/package.sh'
[7.716s] INFO:colcon.colcon_core.shell:Creating package script '/home/robotics/ros2_ws/install/blink_publisher/share/blink_publisher/package.bash'
[7.741s] INFO:colcon.colcon_core.shell:Creating package script '/home/robotics/ros2_ws/install/blink_publisher/share/blink_publisher/package.zsh'
[7.752s] Level 1:colcon.colcon_core.environment:create_file_with_runtime_dependencies(/home/robotics/ros2_ws/install/blink_publisher/share/colcon-core/packages/blink_publisher)
[7.763s] INFO:colcon.colcon_ros.task.ament_python.build:Building ROS package in '/home/robotics/ros2_ws/src/ros2_teleop_keyboard' with build type 'ament_python'
[7.766s] Level 1:colcon.colcon_core.shell:create_environment_hook('ros2_teleop_keyboard', 'ament_prefix_path')
[7.785s] INFO:colcon.colcon_core.shell:Creating environment hook '/home/robotics/ros2_ws/install/ros2_teleop_keyboard/share/ros2_teleop_keyboard/hook/ament_prefix_path.ps1'
[7.789s] INFO:colcon.colcon_core.shell:Creating environment descriptor '/home/robotics/ros2_ws/install/ros2_teleop_keyboard/share/ros2_teleop_keyboard/hook/ament_prefix_path.dsv'
[7.793s] INFO:colcon.colcon_core.shell:Creating environment hook '/home/robotics/ros2_ws/install/ros2_teleop_keyboard/share/ros2_teleop_keyboard/hook/ament_prefix_path.sh'
[7.815s] INFO:colcon.colcon_core.shell:Skip shell extension 'powershell' for command environment: Not usable outside of PowerShell
[7.816s] DEBUG:colcon.colcon_core.shell:Skip shell extension 'dsv' for command environment
[7.847s] DEBUG:colcon.colcon_core.shell:Ignoring prefix path '/opt/ros/foxy'
[10.739s] INFO:colcon.colcon_core.task.python.build:Building Python package in '/home/robotics/ros2_ws/src/ros2_teleop_keyboard'
[10.748s] INFO:colcon.colcon_core.shell:Skip shell extension 'powershell' for command environment: Not usable outside of PowerShell
[10.752s] DEBUG:colcon.colcon_core.shell:Skip shell extension 'dsv' for command environment
[10.769s] DEBUG:colcon.colcon_core.shell:Ignoring prefix path '/opt/ros/foxy'
[10.821s] DEBUG:colcon.colcon_core.event_handler.log_command:Invoking command in '/home/robotics/ros2_ws/src/ros2_teleop_keyboard': PYTHONPATH=/home/robotics/ros2_ws/install/ros2_teleop_keyboard/lib/python3.8/site-packages:${PYTHONPATH} /usr/bin/python3 setup.py egg_info --egg-base ../../build/ros2_teleop_keyboard build --build-base /home/robotics/ros2_ws/build/ros2_teleop_keyboard/build install --prefix /home/robotics/ros2_ws/install/ros2_teleop_keyboard --record /home/robotics/ros2_ws/build/ros2_teleop_keyboard/install.log --single-version-externally-managed
[13.213s] Level 1:colcon.colcon_core.environment:checking '/home/robotics/ros2_ws/install/ros2_teleop_keyboard' for CMake module files
[13.214s] DEBUG:colcon.colcon_core.event_handler.log_command:Invoked command in '/home/robotics/ros2_ws/src/ros2_teleop_keyboard' returned '0': PYTHONPATH=/home/robotics/ros2_ws/install/ros2_teleop_keyboard/lib/python3.8/site-packages:${PYTHONPATH} /usr/bin/python3 setup.py egg_info --egg-base ../../build/ros2_teleop_keyboard build --build-base /home/robotics/ros2_ws/build/ros2_teleop_keyboard/build install --prefix /home/robotics/ros2_ws/install/ros2_teleop_keyboard --record /home/robotics/ros2_ws/build/ros2_teleop_keyboard/install.log --single-version-externally-managed
[13.218s] Level 1:colcon.colcon_core.environment:checking '/home/robotics/ros2_ws/install/ros2_teleop_keyboard' for CMake config files
[13.220s] Level 1:colcon.colcon_core.environment:checking '/home/robotics/ros2_ws/install/ros2_teleop_keyboard/lib'
[13.220s] Level 1:colcon.colcon_core.environment:checking '/home/robotics/ros2_ws/install/ros2_teleop_keyboard/bin'
[13.220s] Level 1:colcon.colcon_core.environment:checking '/home/robotics/ros2_ws/install/ros2_teleop_keyboard/lib/pkgconfig/ros2_teleop_keyboard.pc'
[13.221s] Level 1:colcon.colcon_core.environment:checking '/home/robotics/ros2_ws/install/ros2_teleop_keyboard/lib/python3.8/site-packages'
[13.221s] Level 1:colcon.colcon_core.shell:create_environment_hook('ros2_teleop_keyboard', 'pythonpath')
[13.223s] INFO:colcon.colcon_core.shell:Creating environment hook '/home/robotics/ros2_ws/install/ros2_teleop_keyboard/share/ros2_teleop_keyboard/hook/pythonpath.ps1'
[13.225s] INFO:colcon.colcon_core.shell:Creating environment descriptor '/home/robotics/ros2_ws/install/ros2_teleop_keyboard/share/ros2_teleop_keyboard/hook/pythonpath.dsv'
[13.227s] INFO:colcon.colcon_core.shell:Creating environment hook '/home/robotics/ros2_ws/install/ros2_teleop_keyboard/share/ros2_teleop_keyboard/hook/pythonpath.sh'
[13.230s] Level 1:colcon.colcon_core.environment:create_environment_scripts_only(ros2_teleop_keyboard)
[13.238s] INFO:colcon.colcon_core.shell:Creating package script '/home/robotics/ros2_ws/install/ros2_teleop_keyboard/share/ros2_teleop_keyboard/package.ps1'
[13.240s] INFO:colcon.colcon_core.shell:Creating package descriptor '/home/robotics/ros2_ws/install/ros2_teleop_keyboard/share/ros2_teleop_keyboard/package.dsv'
[13.243s] INFO:colcon.colcon_core.shell:Creating package script '/home/robotics/ros2_ws/install/ros2_teleop_keyboard/share/ros2_teleop_keyboard/package.sh'
[13.244s] INFO:colcon.colcon_core.shell:Creating package script '/home/robotics/ros2_ws/install/ros2_teleop_keyboard/share/ros2_teleop_keyboard/package.bash'
[13.246s] INFO:colcon.colcon_core.shell:Creating package script '/home/robotics/ros2_ws/install/ros2_teleop_keyboard/share/ros2_teleop_keyboard/package.zsh'
[13.255s] Level 1:colcon.colcon_core.environment:create_file_with_runtime_dependencies(/home/robotics/ros2_ws/install/ros2_teleop_keyboard/share/colcon-core/packages/ros2_teleop_keyboard)
[13.260s] DEBUG:colcon.colcon_parallel_executor.executor.parallel:closing loop
[13.261s] DEBUG:colcon.colcon_parallel_executor.executor.parallel:loop closed
[13.262s] DEBUG:colcon.colcon_parallel_executor.executor.parallel:run_until_complete finished with '0'
[13.263s] DEBUG:colcon.colcon_core.event_reactor:joining thread
[13.315s] INFO:colcon.colcon_core.plugin_system:Skipping extension 'colcon_notification.desktop_notification.terminal_notifier': Not used on non-Darwin systems
[13.316s] INFO:colcon.colcon_core.plugin_system:Skipping extension 'colcon_notification.desktop_notification.win32': Not used on non-Windows systems
[13.316s] INFO:colcon.colcon_notification.desktop_notification:Sending desktop notification using 'notify2'
[13.395s] DEBUG:colcon.colcon_core.event_reactor:joined thread
[13.397s] INFO:colcon.colcon_core.shell:Creating prefix script '/home/robotics/ros2_ws/install/local_setup.ps1'
[13.405s] INFO:colcon.colcon_core.shell:Creating prefix util module '/home/robotics/ros2_ws/install/_local_setup_util_ps1.py'
[13.412s] INFO:colcon.colcon_core.shell:Creating prefix chain script '/home/robotics/ros2_ws/install/setup.ps1'
[13.425s] INFO:colcon.colcon_core.shell:Creating prefix script '/home/robotics/ros2_ws/install/local_setup.sh'
[13.430s] INFO:colcon.colcon_core.shell:Creating prefix util module '/home/robotics/ros2_ws/install/_local_setup_util_sh.py'
[13.433s] INFO:colcon.colcon_core.shell:Creating prefix chain script '/home/robotics/ros2_ws/install/setup.sh'
[13.455s] INFO:colcon.colcon_core.shell:Creating prefix script '/home/robotics/ros2_ws/install/local_setup.bash'
[13.457s] INFO:colcon.colcon_core.shell:Creating prefix chain script '/home/robotics/ros2_ws/install/setup.bash'
[13.469s] INFO:colcon.colcon_core.shell:Creating prefix script '/home/robotics/ros2_ws/install/local_setup.zsh'
[13.473s] INFO:colcon.colcon_core.shell:Creating prefix chain script '/home/robotics/ros2_ws/install/setup.zsh'
