[3.818s] Invoking command in '/home/robotics/ros2_ws/src/ros2_teleop_keyboard': PYTHONPATH=/home/robotics/ros2_ws/install/ros2_teleop_keyboard/lib/python3.8/site-packages:${PYTHONPATH} /usr/bin/python3 setup.py egg_info --egg-base ../../build/ros2_teleop_keyboard build --build-base /home/robotics/ros2_ws/build/ros2_teleop_keyboard/build install --prefix /home/robotics/ros2_ws/install/ros2_teleop_keyboard --record /home/robotics/ros2_ws/build/ros2_teleop_keyboard/install.log --single-version-externally-managed
[7.329s] running egg_info
[7.338s] writing ../../build/ros2_teleop_keyboard/ros2_teleop_keyboard.egg-info/PKG-INFO
[7.340s] writing dependency_links to ../../build/ros2_teleop_keyboard/ros2_teleop_keyboard.egg-info/dependency_links.txt
[7.345s] writing entry points to ../../build/ros2_teleop_keyboard/ros2_teleop_keyboard.egg-info/entry_points.txt
[7.346s] writing requirements to ../../build/ros2_teleop_keyboard/ros2_teleop_keyboard.egg-info/requires.txt
[7.350s] writing top-level names to ../../build/ros2_teleop_keyboard/ros2_teleop_keyboard.egg-info/top_level.txt
[8.141s] reading manifest file '../../build/ros2_teleop_keyboard/ros2_teleop_keyboard.egg-info/SOURCES.txt'
[8.172s] writing manifest file '../../build/ros2_teleop_keyboard/ros2_teleop_keyboard.egg-info/SOURCES.txt'
[8.174s] running build
[8.175s] running build_py
[8.179s] copying ros2_teleop_keyboard/teleop_twist_keyboard.py -> /home/robotics/ros2_ws/build/ros2_teleop_keyboard/build/lib/ros2_teleop_keyboard
[8.190s] running install
[8.198s] running install_lib
[8.229s] copying /home/robotics/ros2_ws/build/ros2_teleop_keyboard/build/lib/ros2_teleop_keyboard/teleop_twist_keyboard.py -> /home/robotics/ros2_ws/install/ros2_teleop_keyboard/lib/python3.8/site-packages/ros2_teleop_keyboard
[8.240s] byte-compiling /home/robotics/ros2_ws/install/ros2_teleop_keyboard/lib/python3.8/site-packages/ros2_teleop_keyboard/teleop_twist_keyboard.py to teleop_twist_keyboard.cpython-38.pyc
[8.280s] running install_data
[8.291s] running install_egg_info
[8.322s] removing '/home/robotics/ros2_ws/install/ros2_teleop_keyboard/lib/python3.8/site-packages/ros2_teleop_keyboard-0.0.0-py3.8.egg-info' (and everything under it)
[8.332s] Copying ../../build/ros2_teleop_keyboard/ros2_teleop_keyboard.egg-info to /home/robotics/ros2_ws/install/ros2_teleop_keyboard/lib/python3.8/site-packages/ros2_teleop_keyboard-0.0.0-py3.8.egg-info
[8.357s] running install_scripts
[8.739s] Installing teleop_twist_keyboard script to /home/robotics/ros2_ws/install/ros2_teleop_keyboard/lib/ros2_teleop_keyboard
[8.754s] writing list of installed files to '/home/robotics/ros2_ws/build/ros2_teleop_keyboard/install.log'
[9.225s] Invoked command in '/home/robotics/ros2_ws/src/ros2_teleop_keyboard' returned '0': PYTHONPATH=/home/robotics/ros2_ws/install/ros2_teleop_keyboard/lib/python3.8/site-packages:${PYTHONPATH} /usr/bin/python3 setup.py egg_info --egg-base ../../build/ros2_teleop_keyboard build --build-base /home/robotics/ros2_ws/build/ros2_teleop_keyboard/build install --prefix /home/robotics/ros2_ws/install/ros2_teleop_keyboard --record /home/robotics/ros2_ws/build/ros2_teleop_keyboard/install.log --single-version-externally-managed
