[2.290s] Invoking command in '/home/robotics/ros2_ws/src/blink_publisher': PYTHONPATH=/home/robotics/ros2_ws/install/blink_publisher/lib/python3.8/site-packages:${PYTHONPATH} /usr/bin/python3 setup.py egg_info --egg-base ../../build/blink_publisher build --build-base /home/robotics/ros2_ws/build/blink_publisher/build install --prefix /home/robotics/ros2_ws/install/blink_publisher --record /home/robotics/ros2_ws/build/blink_publisher/install.log --single-version-externally-managed
[5.113s] running egg_info
[5.132s] writing ../../build/blink_publisher/blink_publisher.egg-info/PKG-INFO
[5.133s] writing dependency_links to ../../build/blink_publisher/blink_publisher.egg-info/dependency_links.txt
[5.137s] writing entry points to ../../build/blink_publisher/blink_publisher.egg-info/entry_points.txt
[5.140s] writing requirements to ../../build/blink_publisher/blink_publisher.egg-info/requires.txt
[5.142s] writing top-level names to ../../build/blink_publisher/blink_publisher.egg-info/top_level.txt
[5.749s] reading manifest file '../../build/blink_publisher/blink_publisher.egg-info/SOURCES.txt'
[5.759s] writing manifest file '../../build/blink_publisher/blink_publisher.egg-info/SOURCES.txt'
[5.769s] running build
[5.771s] running build_py
[5.781s] running install
[5.791s] running install_lib
[5.823s] running install_data
[5.833s] running install_egg_info
[5.852s] removing '/home/robotics/ros2_ws/install/blink_publisher/lib/python3.8/site-packages/blink_publisher-0.0.0-py3.8.egg-info' (and everything under it)
[5.857s] Copying ../../build/blink_publisher/blink_publisher.egg-info to /home/robotics/ros2_ws/install/blink_publisher/lib/python3.8/site-packages/blink_publisher-0.0.0-py3.8.egg-info
[5.876s] running install_scripts
[6.120s] Installing blink script to /home/robotics/ros2_ws/install/blink_publisher/lib/blink_publisher
[6.141s] writing list of installed files to '/home/robotics/ros2_ws/build/blink_publisher/install.log'
[6.357s] Invoked command in '/home/robotics/ros2_ws/src/blink_publisher' returned '0': PYTHONPATH=/home/robotics/ros2_ws/install/blink_publisher/lib/python3.8/site-packages:${PYTHONPATH} /usr/bin/python3 setup.py egg_info --egg-base ../../build/blink_publisher build --build-base /home/robotics/ros2_ws/build/blink_publisher/build install --prefix /home/robotics/ros2_ws/install/blink_publisher --record /home/robotics/ros2_ws/build/blink_publisher/install.log --single-version-externally-managed
