[3.056s] Invoking command in '/home/robotics/ros2_ws/src/ros2_teleop_keyboard': PYTHONPATH=/home/robotics/ros2_ws/install/ros2_teleop_keyboard/lib/python3.8/site-packages:${PYTHONPATH} /usr/bin/python3 setup.py egg_info --egg-base ../../build/ros2_teleop_keyboard build --build-base /home/robotics/ros2_ws/build/ros2_teleop_keyboard/build install --prefix /home/robotics/ros2_ws/install/ros2_teleop_keyboard --record /home/robotics/ros2_ws/build/ros2_teleop_keyboard/install.log --single-version-externally-managed
[5.378s] running egg_info
[5.385s] writing ../../build/ros2_teleop_keyboard/ros2_teleop_keyboard.egg-info/PKG-INFO
[5.403s] writing dependency_links to ../../build/ros2_teleop_keyboard/ros2_teleop_keyboard.egg-info/dependency_links.txt
[5.407s] writing entry points to ../../build/ros2_teleop_keyboard/ros2_teleop_keyboard.egg-info/entry_points.txt
[5.411s] writing requirements to ../../build/ros2_teleop_keyboard/ros2_teleop_keyboard.egg-info/requires.txt
[5.414s] writing top-level names to ../../build/ros2_teleop_keyboard/ros2_teleop_keyboard.egg-info/top_level.txt
[5.838s] reading manifest file '../../build/ros2_teleop_keyboard/ros2_teleop_keyboard.egg-info/SOURCES.txt'
[5.853s] writing manifest file '../../build/ros2_teleop_keyboard/ros2_teleop_keyboard.egg-info/SOURCES.txt'
[5.856s] running build
[5.859s] running build_py
[5.862s] copying ros2_teleop_keyboard/teleop_twist_keyboard.py -> /home/robotics/ros2_ws/build/ros2_teleop_keyboard/build/lib/ros2_teleop_keyboard
[5.865s] running install
[5.881s] running install_lib
[5.893s] copying /home/robotics/ros2_ws/build/ros2_teleop_keyboard/build/lib/ros2_teleop_keyboard/teleop_twist_keyboard.py -> /home/robotics/ros2_ws/install/ros2_teleop_keyboard/lib/python3.8/site-packages/ros2_teleop_keyboard
[5.908s] byte-compiling /home/robotics/ros2_ws/install/ros2_teleop_keyboard/lib/python3.8/site-packages/ros2_teleop_keyboard/teleop_twist_keyboard.py to teleop_twist_keyboard.cpython-38.pyc
[5.938s] running install_data
[5.944s] running install_egg_info
[5.980s] removing '/home/robotics/ros2_ws/install/ros2_teleop_keyboard/lib/python3.8/site-packages/ros2_teleop_keyboard-0.0.0-py3.8.egg-info' (and everything under it)
[5.986s] Copying ../../build/ros2_teleop_keyboard/ros2_teleop_keyboard.egg-info to /home/robotics/ros2_ws/install/ros2_teleop_keyboard/lib/python3.8/site-packages/ros2_teleop_keyboard-0.0.0-py3.8.egg-info
[6.004s] running install_scripts
[6.130s] Installing teleop_twist_keyboard script to /home/robotics/ros2_ws/install/ros2_teleop_keyboard/lib/ros2_teleop_keyboard
[6.132s] writing list of installed files to '/home/robotics/ros2_ws/build/ros2_teleop_keyboard/install.log'
[6.194s] Invoked command in '/home/robotics/ros2_ws/src/ros2_teleop_keyboard' returned '0': PYTHONPATH=/home/robotics/ros2_ws/install/ros2_teleop_keyboard/lib/python3.8/site-packages:${PYTHONPATH} /usr/bin/python3 setup.py egg_info --egg-base ../../build/ros2_teleop_keyboard build --build-base /home/robotics/ros2_ws/build/ros2_teleop_keyboard/build install --prefix /home/robotics/ros2_ws/install/ros2_teleop_keyboard --record /home/robotics/ros2_ws/build/ros2_teleop_keyboard/install.log --single-version-externally-managed
