[1.471s] Invoking command in '/home/robotics/ros2_ws/src/blink_publisher': PYTHONPATH=/home/robotics/ros2_ws/install/blink_publisher/lib/python3.8/site-packages:${PYTHONPATH} /usr/bin/python3 setup.py egg_info --egg-base ../../build/blink_publisher build --build-base /home/robotics/ros2_ws/build/blink_publisher/build install --prefix /home/robotics/ros2_ws/install/blink_publisher --record /home/robotics/ros2_ws/build/blink_publisher/install.log --single-version-externally-managed
[2.346s] running egg_info
[2.350s] writing ../../build/blink_publisher/blink_publisher.egg-info/PKG-INFO
[2.351s] writing dependency_links to ../../build/blink_publisher/blink_publisher.egg-info/dependency_links.txt
[2.352s] writing entry points to ../../build/blink_publisher/blink_publisher.egg-info/entry_points.txt
[2.355s] writing requirements to ../../build/blink_publisher/blink_publisher.egg-info/requires.txt
[2.356s] writing top-level names to ../../build/blink_publisher/blink_publisher.egg-info/top_level.txt
[2.509s] reading manifest file '../../build/blink_publisher/blink_publisher.egg-info/SOURCES.txt'
[2.514s] writing manifest file '../../build/blink_publisher/blink_publisher.egg-info/SOURCES.txt'
[2.515s] running build
[2.515s] running build_py
[2.517s] running install
[2.520s] running install_lib
[2.526s] running install_data
[2.529s] running install_egg_info
[2.537s] removing '/home/robotics/ros2_ws/install/blink_publisher/lib/python3.8/site-packages/blink_publisher-0.0.0-py3.8.egg-info' (and everything under it)
[2.539s] Copying ../../build/blink_publisher/blink_publisher.egg-info to /home/robotics/ros2_ws/install/blink_publisher/lib/python3.8/site-packages/blink_publisher-0.0.0-py3.8.egg-info
[2.546s] running install_scripts
[2.618s] Installing blink script to /home/robotics/ros2_ws/install/blink_publisher/lib/blink_publisher
[2.620s] writing list of installed files to '/home/robotics/ros2_ws/build/blink_publisher/install.log'
[2.679s] Invoked command in '/home/robotics/ros2_ws/src/blink_publisher' returned '0': PYTHONPATH=/home/robotics/ros2_ws/install/blink_publisher/lib/python3.8/site-packages:${PYTHONPATH} /usr/bin/python3 setup.py egg_info --egg-base ../../build/blink_publisher build --build-base /home/robotics/ros2_ws/build/blink_publisher/build install --prefix /home/robotics/ros2_ws/install/blink_publisher --record /home/robotics/ros2_ws/build/blink_publisher/install.log --single-version-externally-managed
