[1.036s] DEBUG:colcon:Command line arguments: ['/usr/bin/colcon', 'build']
[1.037s] DEBUG:colcon:Parsed command line arguments: Namespace(ament_cmake_args=None, base_paths=['.'], build_base='build', catkin_cmake_args=None, catkin_skip_building_tests=False, cmake_args=None, cmake_clean_cache=False, cmake_clean_first=False, cmake_force_configure=False, cmake_target=None, cmake_target_skip_unavailable=False, continue_on_error=False, event_handlers=None, executor='parallel', ignore_user_meta=False, install_base='install', log_base=None, log_level=None, main=<bound method BuildVerb.main of <colcon_core.verb.build.BuildVerb object at 0x7f2d37e59e80>>, merge_install=False, metas=['./colcon.meta'], packages_above=None, packages_above_and_dependencies=None, packages_above_depth=None, packages_end=None, packages_ignore=None, packages_ignore_regex=None, packages_select=None, packages_select_build_failed=False, packages_select_by_dep=None, packages_select_regex=None, packages_select_test_failures=False, packages_skip=None, packages_skip_build_finished=False, packages_skip_by_dep=None, packages_skip_regex=None, packages_skip_test_passed=False, packages_skip_up_to=None, packages_start=None, packages_up_to=None, packages_up_to_regex=None, parallel_workers=1, paths=None, symlink_install=False, test_result_base=None, verb_extension=<colcon_core.verb.build.BuildVerb object at 0x7f2d37e59e80>, verb_name='build', verb_parser=<colcon_defaults.argument_parser.defaults.DefaultArgumentsDecorator object at 0x7f2d37e68430>)
[1.052s] Level 1:colcon.colcon_core.package_discovery:discover_packages(colcon_meta) check parameters
[1.052s] Level 1:colcon.colcon_core.package_discovery:discover_packages(recursive) check parameters
[1.053s] Level 1:colcon.colcon_core.package_discovery:discover_packages(ignore) check parameters
[1.053s] Level 1:colcon.colcon_core.package_discovery:discover_packages(path) check parameters
[1.054s] Level 1:colcon.colcon_core.package_discovery:discover_packages(colcon_meta) discover
[1.054s] Level 1:colcon.colcon_core.package_discovery:discover_packages(recursive) discover
[1.054s] INFO:colcon.colcon_core.package_discovery:Crawling recursively for packages in '/home/robotics/ros2_ws'
[1.055s] Level 1:colcon.colcon_core.package_identification:_identify(.) by extensions ['ignore', 'ignore_ament_install']
[1.055s] Level 1:colcon.colcon_core.package_identification:_identify(.) by extension 'ignore'
[1.055s] Level 1:colcon.colcon_core.package_identification:_identify(.) by extension 'ignore_ament_install'
[1.056s] Level 1:colcon.colcon_core.package_identification:_identify(.) by extensions ['colcon_pkg']
[1.056s] Level 1:colcon.colcon_core.package_identification:_identify(.) by extension 'colcon_pkg'
[1.056s] Level 1:colcon.colcon_core.package_identification:_identify(.) by extensions ['colcon_meta']
[1.057s] Level 1:colcon.colcon_core.package_identification:_identify(.) by extension 'colcon_meta'
[1.058s] Level 1:colcon.colcon_core.package_identification:_identify(.) by extensions ['ros']
[1.058s] Level 1:colcon.colcon_core.package_identification:_identify(.) by extension 'ros'
[1.140s] Level 1:colcon.colcon_core.package_identification:_identify(.) by extensions ['cmake', 'python']
[1.146s] Level 1:colcon.colcon_core.package_identification:_identify(.) by extension 'cmake'
[1.146s] Level 1:colcon.colcon_core.package_identification:_identify(.) by extension 'python'
[1.146s] Level 1:colcon.colcon_core.package_identification:_identify(.) by extensions ['python_setup_py']
[1.146s] Level 1:colcon.colcon_core.package_identification:_identify(.) by extension 'python_setup_py'
[1.147s] Level 1:colcon.colcon_core.package_identification:_identify(build) by extensions ['ignore', 'ignore_ament_install']
[1.148s] Level 1:colcon.colcon_core.package_identification:_identify(build) by extension 'ignore'
[1.148s] Level 1:colcon.colcon_core.package_identification:_identify(build) ignored
[1.149s] Level 1:colcon.colcon_core.package_identification:_identify(install) by extensions ['ignore', 'ignore_ament_install']
[1.151s] Level 1:colcon.colcon_core.package_identification:_identify(install) by extension 'ignore'
[1.151s] Level 1:colcon.colcon_core.package_identification:_identify(install) ignored
[1.151s] Level 1:colcon.colcon_core.package_identification:_identify(log) by extensions ['ignore', 'ignore_ament_install']
[1.152s] Level 1:colcon.colcon_core.package_identification:_identify(log) by extension 'ignore'
[1.152s] Level 1:colcon.colcon_core.package_identification:_identify(log) ignored
[1.152s] Level 1:colcon.colcon_core.package_identification:_identify(src) by extensions ['ignore', 'ignore_ament_install']
[1.152s] Level 1:colcon.colcon_core.package_identification:_identify(src) by extension 'ignore'
[1.154s] Level 1:colcon.colcon_core.package_identification:_identify(src) by extension 'ignore_ament_install'
[1.156s] Level 1:colcon.colcon_core.package_identification:_identify(src) by extensions ['colcon_pkg']
[1.156s] Level 1:colcon.colcon_core.package_identification:_identify(src) by extension 'colcon_pkg'
[1.156s] Level 1:colcon.colcon_core.package_identification:_identify(src) by extensions ['colcon_meta']
[1.156s] Level 1:colcon.colcon_core.package_identification:_identify(src) by extension 'colcon_meta'
[1.156s] Level 1:colcon.colcon_core.package_identification:_identify(src) by extensions ['ros']
[1.157s] Level 1:colcon.colcon_core.package_identification:_identify(src) by extension 'ros'
[1.157s] Level 1:colcon.colcon_core.package_identification:_identify(src) by extensions ['cmake', 'python']
[1.157s] Level 1:colcon.colcon_core.package_identification:_identify(src) by extension 'cmake'
[1.157s] Level 1:colcon.colcon_core.package_identification:_identify(src) by extension 'python'
[1.159s] Level 1:colcon.colcon_core.package_identification:_identify(src) by extensions ['python_setup_py']
[1.159s] Level 1:colcon.colcon_core.package_identification:_identify(src) by extension 'python_setup_py'
[1.160s] Level 1:colcon.colcon_core.package_identification:_identify(src/blink_publisher) by extensions ['ignore', 'ignore_ament_install']
[1.160s] Level 1:colcon.colcon_core.package_identification:_identify(src/blink_publisher) by extension 'ignore'
[1.160s] Level 1:colcon.colcon_core.package_identification:_identify(src/blink_publisher) by extension 'ignore_ament_install'
[1.161s] Level 1:colcon.colcon_core.package_identification:_identify(src/blink_publisher) by extensions ['colcon_pkg']
[1.162s] Level 1:colcon.colcon_core.package_identification:_identify(src/blink_publisher) by extension 'colcon_pkg'
[1.162s] Level 1:colcon.colcon_core.package_identification:_identify(src/blink_publisher) by extensions ['colcon_meta']
[1.162s] Level 1:colcon.colcon_core.package_identification:_identify(src/blink_publisher) by extension 'colcon_meta'
[1.162s] Level 1:colcon.colcon_core.package_identification:_identify(src/blink_publisher) by extensions ['ros']
[1.162s] Level 1:colcon.colcon_core.package_identification:_identify(src/blink_publisher) by extension 'ros'
[1.179s] DEBUG:colcon.colcon_core.package_identification:Package 'src/blink_publisher' with type 'ros.ament_python' and name 'blink_publisher'
[1.180s] Level 1:colcon.colcon_core.package_identification:_identify(src/ros2_teleop_keyboar) by extensions ['ignore', 'ignore_ament_install']
[1.180s] Level 1:colcon.colcon_core.package_identification:_identify(src/ros2_teleop_keyboar) by extension 'ignore'
[1.181s] Level 1:colcon.colcon_core.package_identification:_identify(src/ros2_teleop_keyboar) by extension 'ignore_ament_install'
[1.182s] Level 1:colcon.colcon_core.package_identification:_identify(src/ros2_teleop_keyboar) by extensions ['colcon_pkg']
[1.182s] Level 1:colcon.colcon_core.package_identification:_identify(src/ros2_teleop_keyboar) by extension 'colcon_pkg'
[1.182s] Level 1:colcon.colcon_core.package_identification:_identify(src/ros2_teleop_keyboar) by extensions ['colcon_meta']
[1.182s] Level 1:colcon.colcon_core.package_identification:_identify(src/ros2_teleop_keyboar) by extension 'colcon_meta'
[1.182s] Level 1:colcon.colcon_core.package_identification:_identify(src/ros2_teleop_keyboar) by extensions ['ros']
[1.183s] Level 1:colcon.colcon_core.package_identification:_identify(src/ros2_teleop_keyboar) by extension 'ros'
[1.185s] DEBUG:colcon.colcon_core.package_identification:Package 'src/ros2_teleop_keyboar' with type 'ros.ament_python' and name 'teleop_twist_keyboard'
[1.185s] Level 1:colcon.colcon_core.package_identification:_identify(src/ros2_teleop_keyboard) by extensions ['ignore', 'ignore_ament_install']
[1.185s] Level 1:colcon.colcon_core.package_identification:_identify(src/ros2_teleop_keyboard) by extension 'ignore'
[1.186s] Level 1:colcon.colcon_core.package_identification:_identify(src/ros2_teleop_keyboard) by extension 'ignore_ament_install'
[1.186s] Level 1:colcon.colcon_core.package_identification:_identify(src/ros2_teleop_keyboard) by extensions ['colcon_pkg']
[1.186s] Level 1:colcon.colcon_core.package_identification:_identify(src/ros2_teleop_keyboard) by extension 'colcon_pkg'
[1.186s] Level 1:colcon.colcon_core.package_identification:_identify(src/ros2_teleop_keyboard) by extensions ['colcon_meta']
[1.186s] Level 1:colcon.colcon_core.package_identification:_identify(src/ros2_teleop_keyboard) by extension 'colcon_meta'
[1.187s] Level 1:colcon.colcon_core.package_identification:_identify(src/ros2_teleop_keyboard) by extensions ['ros']
[1.187s] Level 1:colcon.colcon_core.package_identification:_identify(src/ros2_teleop_keyboard) by extension 'ros'
[1.188s] DEBUG:colcon.colcon_core.package_identification:Package 'src/ros2_teleop_keyboard' with type 'ros.ament_python' and name 'teleop_twist_keyboard'
[1.188s] Level 1:colcon.colcon_core.package_discovery:discover_packages(recursive) using defaults
[1.189s] Level 1:colcon.colcon_core.package_discovery:discover_packages(ignore) discover
[1.189s] Level 1:colcon.colcon_core.package_discovery:discover_packages(ignore) using defaults
[1.189s] Level 1:colcon.colcon_core.package_discovery:discover_packages(path) discover
[1.189s] Level 1:colcon.colcon_core.package_discovery:discover_packages(path) using defaults
[1.236s] ERROR:colcon:colcon build: Duplicate package names not supported:
- teleop_twist_keyboard:
  - src/ros2_teleop_keyboar
  - src/ros2_teleop_keyboard
