[2.487s] Invoking command in '/home/robotics/ros2_ws/src/blink_publisher': PYTHONPATH=/home/robotics/ros2_ws/install/blink_publisher/lib/python3.8/site-packages:${PYTHONPATH} /usr/bin/python3 setup.py egg_info --egg-base ../../build/blink_publisher build --build-base /home/robotics/ros2_ws/build/blink_publisher/build install --prefix /home/robotics/ros2_ws/install/blink_publisher --record /home/robotics/ros2_ws/build/blink_publisher/install.log --single-version-externally-managed
[5.665s] running egg_info
[5.682s] writing ../../build/blink_publisher/blink_publisher.egg-info/PKG-INFO
[5.690s] writing dependency_links to ../../build/blink_publisher/blink_publisher.egg-info/dependency_links.txt
[5.695s] writing entry points to ../../build/blink_publisher/blink_publisher.egg-info/entry_points.txt
[5.699s] writing requirements to ../../build/blink_publisher/blink_publisher.egg-info/requires.txt
[5.703s] writing top-level names to ../../build/blink_publisher/blink_publisher.egg-info/top_level.txt
[6.187s] reading manifest file '../../build/blink_publisher/blink_publisher.egg-info/SOURCES.txt'
[6.202s] writing manifest file '../../build/blink_publisher/blink_publisher.egg-info/SOURCES.txt'
[6.206s] running build
[6.210s] running build_py
[6.214s] running install
[6.225s] running install_lib
[6.253s] running install_data
[6.259s] running install_egg_info
[6.270s] removing '/home/robotics/ros2_ws/install/blink_publisher/lib/python3.8/site-packages/blink_publisher-0.0.0-py3.8.egg-info' (and everything under it)
[6.273s] Copying ../../build/blink_publisher/blink_publisher.egg-info to /home/robotics/ros2_ws/install/blink_publisher/lib/python3.8/site-packages/blink_publisher-0.0.0-py3.8.egg-info
[6.296s] running install_scripts
[6.450s] Installing blink script to /home/robotics/ros2_ws/install/blink_publisher/lib/blink_publisher
[6.454s] writing list of installed files to '/home/robotics/ros2_ws/build/blink_publisher/install.log'
[6.669s] Invoked command in '/home/robotics/ros2_ws/src/blink_publisher' returned '0': PYTHONPATH=/home/robotics/ros2_ws/install/blink_publisher/lib/python3.8/site-packages:${PYTHONPATH} /usr/bin/python3 setup.py egg_info --egg-base ../../build/blink_publisher build --build-base /home/robotics/ros2_ws/build/blink_publisher/build install --prefix /home/robotics/ros2_ws/install/blink_publisher --record /home/robotics/ros2_ws/build/blink_publisher/install.log --single-version-externally-managed
