running egg_info
writing ../../build/teleop_twist_keyboard/teleop_twist_keyboard.egg-info/PKG-INFO
writing dependency_links to ../../build/teleop_twist_keyboard/teleop_twist_keyboard.egg-info/dependency_links.txt
writing entry points to ../../build/teleop_twist_keyboard/teleop_twist_keyboard.egg-info/entry_points.txt
writing requirements to ../../build/teleop_twist_keyboard/teleop_twist_keyboard.egg-info/requires.txt
writing top-level names to ../../build/teleop_twist_keyboard/teleop_twist_keyboard.egg-info/top_level.txt
file teleop_twist_keyboard.py (for module teleop_twist_keyboard) not found
reading manifest file '../../build/teleop_twist_keyboard/teleop_twist_keyboard.egg-info/SOURCES.txt'
writing manifest file '../../build/teleop_twist_keyboard/teleop_twist_keyboard.egg-info/SOURCES.txt'
running build
running build_py
file teleop_twist_keyboard.py (for module teleop_twist_keyboard) not found
file teleop_twist_keyboard.py (for module teleop_twist_keyboard) not found
running install
running install_lib
running install_egg_info
removing '/home/robotics/ros2_ws/install/teleop_twist_keyboard/lib/python3.8/site-packages/teleop_twist_keyboard-0.0.0-py3.8.egg-info' (and everything under it)
Copying ../../build/teleop_twist_keyboard/teleop_twist_keyboard.egg-info to /home/robotics/ros2_ws/install/teleop_twist_keyboard/lib/python3.8/site-packages/teleop_twist_keyboard-0.0.0-py3.8.egg-info
running install_scripts
Installing teleop_twist_keyboard script to /home/robotics/ros2_ws/install/teleop_twist_keyboard/lib/ros2_teleop_keyboard
file teleop_twist_keyboard.py (for module teleop_twist_keyboard) not found
writing list of installed files to '/home/robotics/ros2_ws/build/teleop_twist_keyboard/install.log'
