[2.608s] Invoking command in '/home/robotics/ros2_ws/src/ros2_teleop_keyboard': PYTHONPATH=/home/robotics/ros2_ws/install/teleop_twist_keyboard/lib/python3.8/site-packages:${PYTHONPATH} /usr/bin/python3 setup.py egg_info --egg-base ../../build/teleop_twist_keyboard build --build-base /home/robotics/ros2_ws/build/teleop_twist_keyboard/build install --prefix /home/robotics/ros2_ws/install/teleop_twist_keyboard --record /home/robotics/ros2_ws/build/teleop_twist_keyboard/install.log --single-version-externally-managed
[3.440s] running egg_info
[3.445s] writing ../../build/teleop_twist_keyboard/teleop_twist_keyboard.egg-info/PKG-INFO
[3.448s] writing dependency_links to ../../build/teleop_twist_keyboard/teleop_twist_keyboard.egg-info/dependency_links.txt
[3.450s] writing entry points to ../../build/teleop_twist_keyboard/teleop_twist_keyboard.egg-info/entry_points.txt
[3.452s] writing requirements to ../../build/teleop_twist_keyboard/teleop_twist_keyboard.egg-info/requires.txt
[3.453s] writing top-level names to ../../build/teleop_twist_keyboard/teleop_twist_keyboard.egg-info/top_level.txt
[3.566s] file teleop_twist_keyboard.py (for module teleop_twist_keyboard) not found
[3.567s] reading manifest file '../../build/teleop_twist_keyboard/teleop_twist_keyboard.egg-info/SOURCES.txt'
[3.571s] writing manifest file '../../build/teleop_twist_keyboard/teleop_twist_keyboard.egg-info/SOURCES.txt'
[3.573s] running build
[3.577s] running build_py
[3.578s] file teleop_twist_keyboard.py (for module teleop_twist_keyboard) not found
[3.578s] file teleop_twist_keyboard.py (for module teleop_twist_keyboard) not found
[3.581s] running install
[3.583s] running install_lib
[3.587s] running install_egg_info
[3.595s] removing '/home/robotics/ros2_ws/install/teleop_twist_keyboard/lib/python3.8/site-packages/teleop_twist_keyboard-0.0.0-py3.8.egg-info' (and everything under it)
[3.599s] Copying ../../build/teleop_twist_keyboard/teleop_twist_keyboard.egg-info to /home/robotics/ros2_ws/install/teleop_twist_keyboard/lib/python3.8/site-packages/teleop_twist_keyboard-0.0.0-py3.8.egg-info
[3.612s] running install_scripts
[3.661s] Installing teleop_twist_keyboard script to /home/robotics/ros2_ws/install/teleop_twist_keyboard/lib/ros2_teleop_keyboard
[3.665s] file teleop_twist_keyboard.py (for module teleop_twist_keyboard) not found
[3.666s] writing list of installed files to '/home/robotics/ros2_ws/build/teleop_twist_keyboard/install.log'
[3.763s] Invoked command in '/home/robotics/ros2_ws/src/ros2_teleop_keyboard' returned '0': PYTHONPATH=/home/robotics/ros2_ws/install/teleop_twist_keyboard/lib/python3.8/site-packages:${PYTHONPATH} /usr/bin/python3 setup.py egg_info --egg-base ../../build/teleop_twist_keyboard build --build-base /home/robotics/ros2_ws/build/teleop_twist_keyboard/build install --prefix /home/robotics/ros2_ws/install/teleop_twist_keyboard --record /home/robotics/ros2_ws/build/teleop_twist_keyboard/install.log --single-version-externally-managed
