[0.953s] DEBUG:colcon:Command line arguments: ['/usr/bin/colcon', 'build']
[0.953s] DEBUG:colcon:Parsed command line arguments: Namespace(ament_cmake_args=None, base_paths=['.'], build_base='build', catkin_cmake_args=None, catkin_skip_building_tests=False, cmake_args=None, cmake_clean_cache=False, cmake_clean_first=False, cmake_force_configure=False, cmake_target=None, cmake_target_skip_unavailable=False, continue_on_error=False, event_handlers=None, executor='parallel', ignore_user_meta=False, install_base='install', log_base=None, log_level=None, main=<bound method BuildVerb.main of <colcon_core.verb.build.BuildVerb object at 0x7f71cdbd2df0>>, merge_install=False, metas=['./colcon.meta'], packages_above=None, packages_above_and_dependencies=None, packages_above_depth=None, packages_end=None, packages_ignore=None, packages_ignore_regex=None, packages_select=None, packages_select_build_failed=False, packages_select_by_dep=None, packages_select_regex=None, packages_select_test_failures=False, packages_skip=None, packages_skip_build_finished=False, packages_skip_by_dep=None, packages_skip_regex=None, packages_skip_test_passed=False, packages_skip_up_to=None, packages_start=None, packages_up_to=None, packages_up_to_regex=None, parallel_workers=1, paths=None, symlink_install=False, test_result_base=None, verb_extension=<colcon_core.verb.build.BuildVerb object at 0x7f71cdbd2df0>, verb_name='build', verb_parser=<colcon_defaults.argument_parser.defaults.DefaultArgumentsDecorator object at 0x7f71cdbd83a0>)
[0.968s] Level 1:colcon.colcon_core.package_discovery:discover_packages(colcon_meta) check parameters
[0.968s] Level 1:colcon.colcon_core.package_discovery:discover_packages(recursive) check parameters
[0.968s] Level 1:colcon.colcon_core.package_discovery:discover_packages(ignore) check parameters
[0.969s] Level 1:colcon.colcon_core.package_discovery:discover_packages(path) check parameters
[0.969s] Level 1:colcon.colcon_core.package_discovery:discover_packages(colcon_meta) discover
[0.970s] Level 1:colcon.colcon_core.package_discovery:discover_packages(recursive) discover
[0.970s] INFO:colcon.colcon_core.package_discovery:Crawling recursively for packages in '/home/robotics/ros2_ws'
[0.970s] Level 1:colcon.colcon_core.package_identification:_identify(.) by extensions ['ignore', 'ignore_ament_install']
[0.971s] Level 1:colcon.colcon_core.package_identification:_identify(.) by extension 'ignore'
[0.971s] Level 1:colcon.colcon_core.package_identification:_identify(.) by extension 'ignore_ament_install'
[0.971s] Level 1:colcon.colcon_core.package_identification:_identify(.) by extensions ['colcon_pkg']
[0.971s] Level 1:colcon.colcon_core.package_identification:_identify(.) by extension 'colcon_pkg'
[0.971s] Level 1:colcon.colcon_core.package_identification:_identify(.) by extensions ['colcon_meta']
[0.972s] Level 1:colcon.colcon_core.package_identification:_identify(.) by extension 'colcon_meta'
[0.972s] Level 1:colcon.colcon_core.package_identification:_identify(.) by extensions ['ros']
[0.972s] Level 1:colcon.colcon_core.package_identification:_identify(.) by extension 'ros'
[1.008s] Level 1:colcon.colcon_core.package_identification:_identify(.) by extensions ['cmake', 'python']
[1.008s] Level 1:colcon.colcon_core.package_identification:_identify(.) by extension 'cmake'
[1.008s] Level 1:colcon.colcon_core.package_identification:_identify(.) by extension 'python'
[1.008s] Level 1:colcon.colcon_core.package_identification:_identify(.) by extensions ['python_setup_py']
[1.008s] Level 1:colcon.colcon_core.package_identification:_identify(.) by extension 'python_setup_py'
[1.009s] Level 1:colcon.colcon_core.package_identification:_identify(build) by extensions ['ignore', 'ignore_ament_install']
[1.009s] Level 1:colcon.colcon_core.package_identification:_identify(build) by extension 'ignore'
[1.009s] Level 1:colcon.colcon_core.package_identification:_identify(build) ignored
[1.010s] Level 1:colcon.colcon_core.package_identification:_identify(install) by extensions ['ignore', 'ignore_ament_install']
[1.010s] Level 1:colcon.colcon_core.package_identification:_identify(install) by extension 'ignore'
[1.010s] Level 1:colcon.colcon_core.package_identification:_identify(install) ignored
[1.012s] Level 1:colcon.colcon_core.package_identification:_identify(log) by extensions ['ignore', 'ignore_ament_install']
[1.012s] Level 1:colcon.colcon_core.package_identification:_identify(log) by extension 'ignore'
[1.012s] Level 1:colcon.colcon_core.package_identification:_identify(log) ignored
[1.012s] Level 1:colcon.colcon_core.package_identification:_identify(src) by extensions ['ignore', 'ignore_ament_install']
[1.013s] Level 1:colcon.colcon_core.package_identification:_identify(src) by extension 'ignore'
[1.013s] Level 1:colcon.colcon_core.package_identification:_identify(src) by extension 'ignore_ament_install'
[1.013s] Level 1:colcon.colcon_core.package_identification:_identify(src) by extensions ['colcon_pkg']
[1.013s] Level 1:colcon.colcon_core.package_identification:_identify(src) by extension 'colcon_pkg'
[1.013s] Level 1:colcon.colcon_core.package_identification:_identify(src) by extensions ['colcon_meta']
[1.013s] Level 1:colcon.colcon_core.package_identification:_identify(src) by extension 'colcon_meta'
[1.014s] Level 1:colcon.colcon_core.package_identification:_identify(src) by extensions ['ros']
[1.014s] Level 1:colcon.colcon_core.package_identification:_identify(src) by extension 'ros'
[1.014s] Level 1:colcon.colcon_core.package_identification:_identify(src) by extensions ['cmake', 'python']
[1.015s] Level 1:colcon.colcon_core.package_identification:_identify(src) by extension 'cmake'
[1.015s] Level 1:colcon.colcon_core.package_identification:_identify(src) by extension 'python'
[1.015s] Level 1:colcon.colcon_core.package_identification:_identify(src) by extensions ['python_setup_py']
[1.015s] Level 1:colcon.colcon_core.package_identification:_identify(src) by extension 'python_setup_py'
[1.015s] Level 1:colcon.colcon_core.package_identification:_identify(src/blink_publisher) by extensions ['ignore', 'ignore_ament_install']
[1.016s] Level 1:colcon.colcon_core.package_identification:_identify(src/blink_publisher) by extension 'ignore'
[1.016s] Level 1:colcon.colcon_core.package_identification:_identify(src/blink_publisher) by extension 'ignore_ament_install'
[1.017s] Level 1:colcon.colcon_core.package_identification:_identify(src/blink_publisher) by extensions ['colcon_pkg']
[1.017s] Level 1:colcon.colcon_core.package_identification:_identify(src/blink_publisher) by extension 'colcon_pkg'
[1.017s] Level 1:colcon.colcon_core.package_identification:_identify(src/blink_publisher) by extensions ['colcon_meta']
[1.017s] Level 1:colcon.colcon_core.package_identification:_identify(src/blink_publisher) by extension 'colcon_meta'
[1.018s] Level 1:colcon.colcon_core.package_identification:_identify(src/blink_publisher) by extensions ['ros']
[1.018s] Level 1:colcon.colcon_core.package_identification:_identify(src/blink_publisher) by extension 'ros'
[1.024s] DEBUG:colcon.colcon_core.package_identification:Package 'src/blink_publisher' with type 'ros.ament_python' and name 'blink_publisher'
[1.025s] Level 1:colcon.colcon_core.package_identification:_identify(src/ros2_teleop_keyboard) by extensions ['ignore', 'ignore_ament_install']
[1.025s] Level 1:colcon.colcon_core.package_identification:_identify(src/ros2_teleop_keyboard) by extension 'ignore'
[1.025s] Level 1:colcon.colcon_core.package_identification:_identify(src/ros2_teleop_keyboard) by extension 'ignore_ament_install'
[1.025s] Level 1:colcon.colcon_core.package_identification:_identify(src/ros2_teleop_keyboard) by extensions ['colcon_pkg']
[1.026s] Level 1:colcon.colcon_core.package_identification:_identify(src/ros2_teleop_keyboard) by extension 'colcon_pkg'
[1.026s] Level 1:colcon.colcon_core.package_identification:_identify(src/ros2_teleop_keyboard) by extensions ['colcon_meta']
[1.026s] Level 1:colcon.colcon_core.package_identification:_identify(src/ros2_teleop_keyboard) by extension 'colcon_meta'
[1.026s] Level 1:colcon.colcon_core.package_identification:_identify(src/ros2_teleop_keyboard) by extensions ['ros']
[1.026s] Level 1:colcon.colcon_core.package_identification:_identify(src/ros2_teleop_keyboard) by extension 'ros'
[1.029s] DEBUG:colcon.colcon_core.package_identification:Package 'src/ros2_teleop_keyboard' with type 'ros.ament_python' and name 'teleop_twist_keyboard'
[1.029s] Level 1:colcon.colcon_core.package_discovery:discover_packages(recursive) using defaults
[1.029s] Level 1:colcon.colcon_core.package_discovery:discover_packages(ignore) discover
[1.029s] Level 1:colcon.colcon_core.package_discovery:discover_packages(ignore) using defaults
[1.029s] Level 1:colcon.colcon_core.package_discovery:discover_packages(path) discover
[1.030s] Level 1:colcon.colcon_core.package_discovery:discover_packages(path) using defaults
[1.099s] Level 5:colcon.colcon_core.verb:set package 'blink_publisher' build argument 'cmake_args' from command line to 'None'
[1.099s] Level 5:colcon.colcon_core.verb:set package 'blink_publisher' build argument 'cmake_target' from command line to 'None'
[1.099s] Level 5:colcon.colcon_core.verb:set package 'blink_publisher' build argument 'cmake_target_skip_unavailable' from command line to 'False'
[1.100s] Level 5:colcon.colcon_core.verb:set package 'blink_publisher' build argument 'cmake_clean_cache' from command line to 'False'
[1.100s] Level 5:colcon.colcon_core.verb:set package 'blink_publisher' build argument 'cmake_clean_first' from command line to 'False'
[1.100s] Level 5:colcon.colcon_core.verb:set package 'blink_publisher' build argument 'cmake_force_configure' from command line to 'False'
[1.100s] Level 5:colcon.colcon_core.verb:set package 'blink_publisher' build argument 'ament_cmake_args' from command line to 'None'
[1.100s] Level 5:colcon.colcon_core.verb:set package 'blink_publisher' build argument 'catkin_cmake_args' from command line to 'None'
[1.100s] Level 5:colcon.colcon_core.verb:set package 'blink_publisher' build argument 'catkin_skip_building_tests' from command line to 'False'
[1.101s] DEBUG:colcon.colcon_core.verb:Building package 'blink_publisher' with the following arguments: {'ament_cmake_args': None, 'build_base': '/home/robotics/ros2_ws/build/blink_publisher', 'catkin_cmake_args': None, 'catkin_skip_building_tests': False, 'cmake_args': None, 'cmake_clean_cache': False, 'cmake_clean_first': False, 'cmake_force_configure': False, 'cmake_target': None, 'cmake_target_skip_unavailable': False, 'install_base': '/home/robotics/ros2_ws/install/blink_publisher', 'merge_install': False, 'path': '/home/robotics/ros2_ws/src/blink_publisher', 'symlink_install': False, 'test_result_base': None}
[1.109s] Level 5:colcon.colcon_core.verb:set package 'teleop_twist_keyboard' build argument 'cmake_args' from command line to 'None'
[1.110s] Level 5:colcon.colcon_core.verb:set package 'teleop_twist_keyboard' build argument 'cmake_target' from command line to 'None'
[1.110s] Level 5:colcon.colcon_core.verb:set package 'teleop_twist_keyboard' build argument 'cmake_target_skip_unavailable' from command line to 'False'
[1.110s] Level 5:colcon.colcon_core.verb:set package 'teleop_twist_keyboard' build argument 'cmake_clean_cache' from command line to 'False'
[1.110s] Level 5:colcon.colcon_core.verb:set package 'teleop_twist_keyboard' build argument 'cmake_clean_first' from command line to 'False'
[1.110s] Level 5:colcon.colcon_core.verb:set package 'teleop_twist_keyboard' build argument 'cmake_force_configure' from command line to 'False'
[1.110s] Level 5:colcon.colcon_core.verb:set package 'teleop_twist_keyboard' build argument 'ament_cmake_args' from command line to 'None'
[1.111s] Level 5:colcon.colcon_core.verb:set package 'teleop_twist_keyboard' build argument 'catkin_cmake_args' from command line to 'None'
[1.111s] Level 5:colcon.colcon_core.verb:set package 'teleop_twist_keyboard' build argument 'catkin_skip_building_tests' from command line to 'False'
[1.111s] DEBUG:colcon.colcon_core.verb:Building package 'teleop_twist_keyboard' with the following arguments: {'ament_cmake_args': None, 'build_base': '/home/robotics/ros2_ws/build/teleop_twist_keyboard', 'catkin_cmake_args': None, 'catkin_skip_building_tests': False, 'cmake_args': None, 'cmake_clean_cache': False, 'cmake_clean_first': False, 'cmake_force_configure': False, 'cmake_target': None, 'cmake_target_skip_unavailable': False, 'install_base': '/home/robotics/ros2_ws/install/teleop_twist_keyboard', 'merge_install': False, 'path': '/home/robotics/ros2_ws/src/ros2_teleop_keyboard', 'symlink_install': False, 'test_result_base': None}
[1.112s] INFO:colcon.colcon_core.executor:Executing jobs using 'parallel' executor
[1.117s] DEBUG:colcon.colcon_parallel_executor.executor.parallel:run_until_complete
[1.117s] INFO:colcon.colcon_ros.task.ament_python.build:Building ROS package in '/home/robotics/ros2_ws/src/blink_publisher' with build type 'ament_python'
[1.117s] Level 1:colcon.colcon_core.shell:create_environment_hook('blink_publisher', 'ament_prefix_path')
[1.129s] INFO:colcon.colcon_core.plugin_system:Skipping extension 'colcon_core.shell.bat': Not used on non-Windows systems
[1.129s] INFO:colcon.colcon_core.shell:Creating environment hook '/home/robotics/ros2_ws/install/blink_publisher/share/blink_publisher/hook/ament_prefix_path.ps1'
[1.133s] INFO:colcon.colcon_core.shell:Creating environment descriptor '/home/robotics/ros2_ws/install/blink_publisher/share/blink_publisher/hook/ament_prefix_path.dsv'
[1.142s] INFO:colcon.colcon_core.shell:Creating environment hook '/home/robotics/ros2_ws/install/blink_publisher/share/blink_publisher/hook/ament_prefix_path.sh'
[1.146s] INFO:colcon.colcon_core.shell:Skip shell extension 'powershell' for command environment: Not usable outside of PowerShell
[1.146s] DEBUG:colcon.colcon_core.shell:Skip shell extension 'dsv' for command environment
[1.167s] DEBUG:colcon.colcon_core.shell:Ignoring prefix path '/opt/ros/foxy'
[2.243s] INFO:colcon.colcon_core.task.python.build:Building Python package in '/home/robotics/ros2_ws/src/blink_publisher'
[2.247s] INFO:colcon.colcon_core.shell:Skip shell extension 'powershell' for command environment: Not usable outside of PowerShell
[2.247s] DEBUG:colcon.colcon_core.shell:Skip shell extension 'dsv' for command environment
[2.253s] DEBUG:colcon.colcon_core.shell:Ignoring prefix path '/opt/ros/foxy'
[2.297s] DEBUG:colcon.colcon_core.event_handler.log_command:Invoking command in '/home/robotics/ros2_ws/src/blink_publisher': PYTHONPATH=/home/robotics/ros2_ws/install/blink_publisher/lib/python3.8/site-packages:${PYTHONPATH} /usr/bin/python3 setup.py egg_info --egg-base ../../build/blink_publisher build --build-base /home/robotics/ros2_ws/build/blink_publisher/build install --prefix /home/robotics/ros2_ws/install/blink_publisher --record /home/robotics/ros2_ws/build/blink_publisher/install.log --single-version-externally-managed
[3.571s] DEBUG:colcon.colcon_core.event_handler.log_command:Invoked command in '/home/robotics/ros2_ws/src/blink_publisher' returned '0': PYTHONPATH=/home/robotics/ros2_ws/install/blink_publisher/lib/python3.8/site-packages:${PYTHONPATH} /usr/bin/python3 setup.py egg_info --egg-base ../../build/blink_publisher build --build-base /home/robotics/ros2_ws/build/blink_publisher/build install --prefix /home/robotics/ros2_ws/install/blink_publisher --record /home/robotics/ros2_ws/build/blink_publisher/install.log --single-version-externally-managed
[3.605s] Level 1:colcon.colcon_core.environment:checking '/home/robotics/ros2_ws/install/blink_publisher' for CMake module files
[3.607s] Level 1:colcon.colcon_core.environment:checking '/home/robotics/ros2_ws/install/blink_publisher' for CMake config files
[3.612s] Level 1:colcon.colcon_core.environment:checking '/home/robotics/ros2_ws/install/blink_publisher/lib'
[3.613s] Level 1:colcon.colcon_core.environment:checking '/home/robotics/ros2_ws/install/blink_publisher/bin'
[3.613s] Level 1:colcon.colcon_core.environment:checking '/home/robotics/ros2_ws/install/blink_publisher/lib/pkgconfig/blink_publisher.pc'
[3.614s] Level 1:colcon.colcon_core.environment:checking '/home/robotics/ros2_ws/install/blink_publisher/lib/python3.8/site-packages'
[3.614s] Level 1:colcon.colcon_core.shell:create_environment_hook('blink_publisher', 'pythonpath')
[3.617s] INFO:colcon.colcon_core.shell:Creating environment hook '/home/robotics/ros2_ws/install/blink_publisher/share/blink_publisher/hook/pythonpath.ps1'
[3.619s] INFO:colcon.colcon_core.shell:Creating environment descriptor '/home/robotics/ros2_ws/install/blink_publisher/share/blink_publisher/hook/pythonpath.dsv'
[3.622s] INFO:colcon.colcon_core.shell:Creating environment hook '/home/robotics/ros2_ws/install/blink_publisher/share/blink_publisher/hook/pythonpath.sh'
[3.624s] Level 1:colcon.colcon_core.environment:create_environment_scripts_only(blink_publisher)
[3.626s] INFO:colcon.colcon_core.shell:Creating package script '/home/robotics/ros2_ws/install/blink_publisher/share/blink_publisher/package.ps1'
[3.630s] INFO:colcon.colcon_core.shell:Creating package descriptor '/home/robotics/ros2_ws/install/blink_publisher/share/blink_publisher/package.dsv'
[3.636s] INFO:colcon.colcon_core.shell:Creating package script '/home/robotics/ros2_ws/install/blink_publisher/share/blink_publisher/package.sh'
[3.640s] INFO:colcon.colcon_core.shell:Creating package script '/home/robotics/ros2_ws/install/blink_publisher/share/blink_publisher/package.bash'
[3.643s] INFO:colcon.colcon_core.shell:Creating package script '/home/robotics/ros2_ws/install/blink_publisher/share/blink_publisher/package.zsh'
[3.647s] Level 1:colcon.colcon_core.environment:create_file_with_runtime_dependencies(/home/robotics/ros2_ws/install/blink_publisher/share/colcon-core/packages/blink_publisher)
[3.650s] INFO:colcon.colcon_ros.task.ament_python.build:Building ROS package in '/home/robotics/ros2_ws/src/ros2_teleop_keyboard' with build type 'ament_python'
[3.651s] Level 1:colcon.colcon_core.shell:create_environment_hook('teleop_twist_keyboard', 'ament_prefix_path')
[3.653s] INFO:colcon.colcon_core.shell:Creating environment hook '/home/robotics/ros2_ws/install/teleop_twist_keyboard/share/teleop_twist_keyboard/hook/ament_prefix_path.ps1'
[3.656s] INFO:colcon.colcon_core.shell:Creating environment descriptor '/home/robotics/ros2_ws/install/teleop_twist_keyboard/share/teleop_twist_keyboard/hook/ament_prefix_path.dsv'
[3.658s] INFO:colcon.colcon_core.shell:Creating environment hook '/home/robotics/ros2_ws/install/teleop_twist_keyboard/share/teleop_twist_keyboard/hook/ament_prefix_path.sh'
[3.674s] INFO:colcon.colcon_core.shell:Skip shell extension 'powershell' for command environment: Not usable outside of PowerShell
[3.674s] DEBUG:colcon.colcon_core.shell:Skip shell extension 'dsv' for command environment
[3.687s] DEBUG:colcon.colcon_core.shell:Ignoring prefix path '/opt/ros/foxy'
[6.193s] WARNING:colcon.colcon_ros.task.ament_python.build:Package 'teleop_twist_keyboard' doesn't explicitly install a marker in the package index (colcon-ros currently does it implicitly but that fallback will be removed in the future)
[6.194s] WARNING:colcon.colcon_ros.task.ament_python.build:Package 'teleop_twist_keyboard' doesn't explicitly install the 'package.xml' file (colcon-ros currently does it implicitly but that fallback will be removed in the future)
[6.196s] INFO:colcon.colcon_core.task.python.build:Building Python package in '/home/robotics/ros2_ws/src/ros2_teleop_keyboard'
[6.199s] INFO:colcon.colcon_core.shell:Skip shell extension 'powershell' for command environment: Not usable outside of PowerShell
[6.200s] DEBUG:colcon.colcon_core.shell:Skip shell extension 'dsv' for command environment
[6.215s] DEBUG:colcon.colcon_core.shell:Ignoring prefix path '/opt/ros/foxy'
[6.259s] DEBUG:colcon.colcon_core.event_handler.log_command:Invoking command in '/home/robotics/ros2_ws/src/ros2_teleop_keyboard': PYTHONPATH=/home/robotics/ros2_ws/install/teleop_twist_keyboard/lib/python3.8/site-packages:${PYTHONPATH} /usr/bin/python3 setup.py egg_info --egg-base ../../build/teleop_twist_keyboard build --build-base /home/robotics/ros2_ws/build/teleop_twist_keyboard/build install --prefix /home/robotics/ros2_ws/install/teleop_twist_keyboard --record /home/robotics/ros2_ws/build/teleop_twist_keyboard/install.log --single-version-externally-managed
[7.414s] DEBUG:colcon.colcon_core.event_handler.log_command:Invoked command in '/home/robotics/ros2_ws/src/ros2_teleop_keyboard' returned '0': PYTHONPATH=/home/robotics/ros2_ws/install/teleop_twist_keyboard/lib/python3.8/site-packages:${PYTHONPATH} /usr/bin/python3 setup.py egg_info --egg-base ../../build/teleop_twist_keyboard build --build-base /home/robotics/ros2_ws/build/teleop_twist_keyboard/build install --prefix /home/robotics/ros2_ws/install/teleop_twist_keyboard --record /home/robotics/ros2_ws/build/teleop_twist_keyboard/install.log --single-version-externally-managed
[7.415s] Level 1:colcon.colcon_core.environment:checking '/home/robotics/ros2_ws/install/teleop_twist_keyboard' for CMake module files
[7.420s] Level 1:colcon.colcon_core.environment:checking '/home/robotics/ros2_ws/install/teleop_twist_keyboard' for CMake config files
[7.423s] Level 1:colcon.colcon_core.environment:checking '/home/robotics/ros2_ws/install/teleop_twist_keyboard/lib'
[7.425s] Level 1:colcon.colcon_core.environment:checking '/home/robotics/ros2_ws/install/teleop_twist_keyboard/bin'
[7.426s] Level 1:colcon.colcon_core.shell:create_environment_hook('teleop_twist_keyboard', 'path')
[7.431s] INFO:colcon.colcon_core.shell:Creating environment hook '/home/robotics/ros2_ws/install/teleop_twist_keyboard/share/teleop_twist_keyboard/hook/path.ps1'
[7.434s] INFO:colcon.colcon_core.shell:Creating environment descriptor '/home/robotics/ros2_ws/install/teleop_twist_keyboard/share/teleop_twist_keyboard/hook/path.dsv'
[7.440s] INFO:colcon.colcon_core.shell:Creating environment hook '/home/robotics/ros2_ws/install/teleop_twist_keyboard/share/teleop_twist_keyboard/hook/path.sh'
[7.441s] Level 1:colcon.colcon_core.environment:checking '/home/robotics/ros2_ws/install/teleop_twist_keyboard/lib/pkgconfig/teleop_twist_keyboard.pc'
[7.442s] Level 1:colcon.colcon_core.environment:checking '/home/robotics/ros2_ws/install/teleop_twist_keyboard/lib/python3.8/site-packages'
[7.442s] Level 1:colcon.colcon_core.shell:create_environment_hook('teleop_twist_keyboard', 'pythonpath')
[7.445s] INFO:colcon.colcon_core.shell:Creating environment hook '/home/robotics/ros2_ws/install/teleop_twist_keyboard/share/teleop_twist_keyboard/hook/pythonpath.ps1'
[7.457s] INFO:colcon.colcon_core.shell:Creating environment descriptor '/home/robotics/ros2_ws/install/teleop_twist_keyboard/share/teleop_twist_keyboard/hook/pythonpath.dsv'
[7.459s] INFO:colcon.colcon_core.shell:Creating environment hook '/home/robotics/ros2_ws/install/teleop_twist_keyboard/share/teleop_twist_keyboard/hook/pythonpath.sh'
[7.462s] Level 1:colcon.colcon_core.environment:create_environment_scripts_only(teleop_twist_keyboard)
[7.464s] INFO:colcon.colcon_core.shell:Creating package script '/home/robotics/ros2_ws/install/teleop_twist_keyboard/share/teleop_twist_keyboard/package.ps1'
[7.468s] INFO:colcon.colcon_core.shell:Creating package descriptor '/home/robotics/ros2_ws/install/teleop_twist_keyboard/share/teleop_twist_keyboard/package.dsv'
[7.470s] INFO:colcon.colcon_core.shell:Creating package script '/home/robotics/ros2_ws/install/teleop_twist_keyboard/share/teleop_twist_keyboard/package.sh'
[7.472s] INFO:colcon.colcon_core.shell:Creating package script '/home/robotics/ros2_ws/install/teleop_twist_keyboard/share/teleop_twist_keyboard/package.bash'
[7.473s] INFO:colcon.colcon_core.shell:Creating package script '/home/robotics/ros2_ws/install/teleop_twist_keyboard/share/teleop_twist_keyboard/package.zsh'
[7.478s] Level 1:colcon.colcon_core.environment:create_file_with_runtime_dependencies(/home/robotics/ros2_ws/install/teleop_twist_keyboard/share/colcon-core/packages/teleop_twist_keyboard)
[7.485s] DEBUG:colcon.colcon_parallel_executor.executor.parallel:closing loop
[7.486s] DEBUG:colcon.colcon_parallel_executor.executor.parallel:loop closed
[7.487s] DEBUG:colcon.colcon_parallel_executor.executor.parallel:run_until_complete finished with '0'
[7.487s] DEBUG:colcon.colcon_core.event_reactor:joining thread
[7.530s] INFO:colcon.colcon_core.plugin_system:Skipping extension 'colcon_notification.desktop_notification.terminal_notifier': Not used on non-Darwin systems
[7.535s] INFO:colcon.colcon_core.plugin_system:Skipping extension 'colcon_notification.desktop_notification.win32': Not used on non-Windows systems
[7.536s] INFO:colcon.colcon_notification.desktop_notification:Sending desktop notification using 'notify2'
[7.643s] DEBUG:colcon.colcon_core.event_reactor:joined thread
[7.644s] INFO:colcon.colcon_core.shell:Creating prefix script '/home/robotics/ros2_ws/install/local_setup.ps1'
[7.650s] INFO:colcon.colcon_core.shell:Creating prefix util module '/home/robotics/ros2_ws/install/_local_setup_util_ps1.py'
[7.660s] INFO:colcon.colcon_core.shell:Creating prefix chain script '/home/robotics/ros2_ws/install/setup.ps1'
[7.676s] INFO:colcon.colcon_core.shell:Creating prefix script '/home/robotics/ros2_ws/install/local_setup.sh'
[7.679s] INFO:colcon.colcon_core.shell:Creating prefix util module '/home/robotics/ros2_ws/install/_local_setup_util_sh.py'
[7.683s] INFO:colcon.colcon_core.shell:Creating prefix chain script '/home/robotics/ros2_ws/install/setup.sh'
[7.700s] INFO:colcon.colcon_core.shell:Creating prefix script '/home/robotics/ros2_ws/install/local_setup.bash'
[7.702s] INFO:colcon.colcon_core.shell:Creating prefix chain script '/home/robotics/ros2_ws/install/setup.bash'
[7.715s] INFO:colcon.colcon_core.shell:Creating prefix script '/home/robotics/ros2_ws/install/local_setup.zsh'
[7.722s] INFO:colcon.colcon_core.shell:Creating prefix chain script '/home/robotics/ros2_ws/install/setup.zsh'
