[1.242s] Invoking command in '/home/robotics/ros2_ws/src/ros2_teleop_keyboard': PYTHONPATH=/home/robotics/ros2_ws/install/ros2_teleop_keyboard/lib/python3.8/site-packages:${PYTHONPATH} /usr/bin/python3 setup.py egg_info --egg-base ../../build/ros2_teleop_keyboard build --build-base /home/robotics/ros2_ws/build/ros2_teleop_keyboard/build install --prefix /home/robotics/ros2_ws/install/ros2_teleop_keyboard --record /home/robotics/ros2_ws/build/ros2_teleop_keyboard/install.log --single-version-externally-managed
[2.074s] running egg_info
[2.076s] creating ../../build/ros2_teleop_keyboard/ros2_teleop_keyboard.egg-info
[2.078s] writing ../../build/ros2_teleop_keyboard/ros2_teleop_keyboard.egg-info/PKG-INFO
[2.080s] writing dependency_links to ../../build/ros2_teleop_keyboard/ros2_teleop_keyboard.egg-info/dependency_links.txt
[2.081s] writing entry points to ../../build/ros2_teleop_keyboard/ros2_teleop_keyboard.egg-info/entry_points.txt
[2.081s] writing requirements to ../../build/ros2_teleop_keyboard/ros2_teleop_keyboard.egg-info/requires.txt
[2.083s] writing top-level names to ../../build/ros2_teleop_keyboard/ros2_teleop_keyboard.egg-info/top_level.txt
[2.089s] writing manifest file '../../build/ros2_teleop_keyboard/ros2_teleop_keyboard.egg-info/SOURCES.txt'
[2.218s] reading manifest file '../../build/ros2_teleop_keyboard/ros2_teleop_keyboard.egg-info/SOURCES.txt'
[2.221s] writing manifest file '../../build/ros2_teleop_keyboard/ros2_teleop_keyboard.egg-info/SOURCES.txt'
[2.223s] running build
[2.223s] running build_py
[2.224s] creating /home/robotics/ros2_ws/build/ros2_teleop_keyboard/build
[2.225s] creating /home/robotics/ros2_ws/build/ros2_teleop_keyboard/build/lib
[2.226s] creating /home/robotics/ros2_ws/build/ros2_teleop_keyboard/build/lib/ros2_teleop_keyboard
[2.227s] copying ros2_teleop_keyboard/__init__.py -> /home/robotics/ros2_ws/build/ros2_teleop_keyboard/build/lib/ros2_teleop_keyboard
[2.229s] copying ros2_teleop_keyboard/teleop_twist_keyboard.py -> /home/robotics/ros2_ws/build/ros2_teleop_keyboard/build/lib/ros2_teleop_keyboard
[2.230s] running install
[2.232s] running install_lib
[2.236s] creating /home/robotics/ros2_ws/install/ros2_teleop_keyboard/lib/python3.8/site-packages/ros2_teleop_keyboard
[2.237s] copying /home/robotics/ros2_ws/build/ros2_teleop_keyboard/build/lib/ros2_teleop_keyboard/__init__.py -> /home/robotics/ros2_ws/install/ros2_teleop_keyboard/lib/python3.8/site-packages/ros2_teleop_keyboard
[2.238s] copying /home/robotics/ros2_ws/build/ros2_teleop_keyboard/build/lib/ros2_teleop_keyboard/teleop_twist_keyboard.py -> /home/robotics/ros2_ws/install/ros2_teleop_keyboard/lib/python3.8/site-packages/ros2_teleop_keyboard
[2.241s] byte-compiling /home/robotics/ros2_ws/install/ros2_teleop_keyboard/lib/python3.8/site-packages/ros2_teleop_keyboard/__init__.py to __init__.cpython-38.pyc
[2.244s] byte-compiling /home/robotics/ros2_ws/install/ros2_teleop_keyboard/lib/python3.8/site-packages/ros2_teleop_keyboard/teleop_twist_keyboard.py to teleop_twist_keyboard.cpython-38.pyc
[2.247s] running install_data
[2.248s] creating /home/robotics/ros2_ws/install/ros2_teleop_keyboard/share/ament_index
[2.252s] creating /home/robotics/ros2_ws/install/ros2_teleop_keyboard/share/ament_index/resource_index
[2.253s] creating /home/robotics/ros2_ws/install/ros2_teleop_keyboard/share/ament_index/resource_index/packages
[2.254s] copying resource/ros2_teleop_keyboard -> /home/robotics/ros2_ws/install/ros2_teleop_keyboard/share/ament_index/resource_index/packages
[2.256s] copying package.xml -> /home/robotics/ros2_ws/install/ros2_teleop_keyboard/share/ros2_teleop_keyboard
[2.258s] running install_egg_info
[2.265s] Copying ../../build/ros2_teleop_keyboard/ros2_teleop_keyboard.egg-info to /home/robotics/ros2_ws/install/ros2_teleop_keyboard/lib/python3.8/site-packages/ros2_teleop_keyboard-0.0.0-py3.8.egg-info
[2.273s] running install_scripts
[2.387s] Installing teleop_twist_keyboard script to /home/robotics/ros2_ws/install/ros2_teleop_keyboard/lib/ros2_teleop_keyboard
[2.398s] writing list of installed files to '/home/robotics/ros2_ws/build/ros2_teleop_keyboard/install.log'
[2.481s] Invoked command in '/home/robotics/ros2_ws/src/ros2_teleop_keyboard' returned '0': PYTHONPATH=/home/robotics/ros2_ws/install/ros2_teleop_keyboard/lib/python3.8/site-packages:${PYTHONPATH} /usr/bin/python3 setup.py egg_info --egg-base ../../build/ros2_teleop_keyboard build --build-base /home/robotics/ros2_ws/build/ros2_teleop_keyboard/build install --prefix /home/robotics/ros2_ws/install/ros2_teleop_keyboard --record /home/robotics/ros2_ws/build/ros2_teleop_keyboard/install.log --single-version-externally-managed
