[3.057s] Invoking command in '/home/robotics/ros2_ws/src/ros2_teleop_keyboard': PYTHONPATH=/home/robotics/ros2_ws/install/ros2_teleop_keyboard/lib/python3.8/site-packages:${PYTHONPATH} /usr/bin/python3 setup.py egg_info --egg-base ../../build/ros2_teleop_keyboard build --build-base /home/robotics/ros2_ws/build/ros2_teleop_keyboard/build install --prefix /home/robotics/ros2_ws/install/ros2_teleop_keyboard --record /home/robotics/ros2_ws/build/ros2_teleop_keyboard/install.log --single-version-externally-managed
[5.126s] running egg_info
[5.129s] writing ../../build/ros2_teleop_keyboard/ros2_teleop_keyboard.egg-info/PKG-INFO
[5.131s] writing dependency_links to ../../build/ros2_teleop_keyboard/ros2_teleop_keyboard.egg-info/dependency_links.txt
[5.132s] writing entry points to ../../build/ros2_teleop_keyboard/ros2_teleop_keyboard.egg-info/entry_points.txt
[5.134s] writing requirements to ../../build/ros2_teleop_keyboard/ros2_teleop_keyboard.egg-info/requires.txt
[5.135s] writing top-level names to ../../build/ros2_teleop_keyboard/ros2_teleop_keyboard.egg-info/top_level.txt
[5.255s] reading manifest file '../../build/ros2_teleop_keyboard/ros2_teleop_keyboard.egg-info/SOURCES.txt'
[5.258s] writing manifest file '../../build/ros2_teleop_keyboard/ros2_teleop_keyboard.egg-info/SOURCES.txt'
[5.260s] running build
[5.260s] running build_py
[5.261s] copying ros2_teleop_keyboard/teleop_twist_keyboard.py -> /home/robotics/ros2_ws/build/ros2_teleop_keyboard/build/lib/ros2_teleop_keyboard
[5.263s] running install
[5.275s] running install_lib
[5.279s] copying /home/robotics/ros2_ws/build/ros2_teleop_keyboard/build/lib/ros2_teleop_keyboard/teleop_twist_keyboard.py -> /home/robotics/ros2_ws/install/ros2_teleop_keyboard/lib/python3.8/site-packages/ros2_teleop_keyboard
[5.282s] byte-compiling /home/robotics/ros2_ws/install/ros2_teleop_keyboard/lib/python3.8/site-packages/ros2_teleop_keyboard/teleop_twist_keyboard.py to teleop_twist_keyboard.cpython-38.pyc
[5.288s] running install_data
[5.291s] running install_egg_info
[5.298s] removing '/home/robotics/ros2_ws/install/ros2_teleop_keyboard/lib/python3.8/site-packages/ros2_teleop_keyboard-0.0.0-py3.8.egg-info' (and everything under it)
[5.300s] Copying ../../build/ros2_teleop_keyboard/ros2_teleop_keyboard.egg-info to /home/robotics/ros2_ws/install/ros2_teleop_keyboard/lib/python3.8/site-packages/ros2_teleop_keyboard-0.0.0-py3.8.egg-info
[5.307s] running install_scripts
[5.360s] Installing teleop_twist_keyboard script to /home/robotics/ros2_ws/install/ros2_teleop_keyboard/lib/ros2_teleop_keyboard
[5.363s] writing list of installed files to '/home/robotics/ros2_ws/build/ros2_teleop_keyboard/install.log'
[5.451s] Invoked command in '/home/robotics/ros2_ws/src/ros2_teleop_keyboard' returned '0': PYTHONPATH=/home/robotics/ros2_ws/install/ros2_teleop_keyboard/lib/python3.8/site-packages:${PYTHONPATH} /usr/bin/python3 setup.py egg_info --egg-base ../../build/ros2_teleop_keyboard build --build-base /home/robotics/ros2_ws/build/ros2_teleop_keyboard/build install --prefix /home/robotics/ros2_ws/install/ros2_teleop_keyboard --record /home/robotics/ros2_ws/build/ros2_teleop_keyboard/install.log --single-version-externally-managed
