[0.925s] DEBUG:colcon:Command line arguments: ['/usr/bin/colcon', 'build']
[0.926s] DEBUG:colcon:Parsed command line arguments: Namespace(ament_cmake_args=None, base_paths=['.'], build_base='build', catkin_cmake_args=None, catkin_skip_building_tests=False, cmake_args=None, cmake_clean_cache=False, cmake_clean_first=False, cmake_force_configure=False, cmake_target=None, cmake_target_skip_unavailable=False, continue_on_error=False, event_handlers=None, executor='parallel', ignore_user_meta=False, install_base='install', log_base=None, log_level=None, main=<bound method BuildVerb.main of <colcon_core.verb.build.BuildVerb object at 0x7f6a5e496e20>>, merge_install=False, metas=['./colcon.meta'], packages_above=None, packages_above_and_dependencies=None, packages_above_depth=None, packages_end=None, packages_ignore=None, packages_ignore_regex=None, packages_select=None, packages_select_build_failed=False, packages_select_by_dep=None, packages_select_regex=None, packages_select_test_failures=False, packages_skip=None, packages_skip_build_finished=False, packages_skip_by_dep=None, packages_skip_regex=None, packages_skip_test_passed=False, packages_skip_up_to=None, packages_start=None, packages_up_to=None, packages_up_to_regex=None, parallel_workers=1, paths=None, symlink_install=False, test_result_base=None, verb_extension=<colcon_core.verb.build.BuildVerb object at 0x7f6a5e496e20>, verb_name='build', verb_parser=<colcon_defaults.argument_parser.defaults.DefaultArgumentsDecorator object at 0x7f6a5e49c3d0>)
[0.941s] Level 1:colcon.colcon_core.package_discovery:discover_packages(colcon_meta) check parameters
[0.941s] Level 1:colcon.colcon_core.package_discovery:discover_packages(recursive) check parameters
[0.941s] Level 1:colcon.colcon_core.package_discovery:discover_packages(ignore) check parameters
[0.942s] Level 1:colcon.colcon_core.package_discovery:discover_packages(path) check parameters
[0.942s] Level 1:colcon.colcon_core.package_discovery:discover_packages(colcon_meta) discover
[0.942s] Level 1:colcon.colcon_core.package_discovery:discover_packages(recursive) discover
[0.942s] INFO:colcon.colcon_core.package_discovery:Crawling recursively for packages in '/home/robotics/ros2_ws'
[0.943s] Level 1:colcon.colcon_core.package_identification:_identify(.) by extensions ['ignore', 'ignore_ament_install']
[0.943s] Level 1:colcon.colcon_core.package_identification:_identify(.) by extension 'ignore'
[0.943s] Level 1:colcon.colcon_core.package_identification:_identify(.) by extension 'ignore_ament_install'
[0.944s] Level 1:colcon.colcon_core.package_identification:_identify(.) by extensions ['colcon_pkg']
[0.945s] Level 1:colcon.colcon_core.package_identification:_identify(.) by extension 'colcon_pkg'
[0.945s] Level 1:colcon.colcon_core.package_identification:_identify(.) by extensions ['colcon_meta']
[0.945s] Level 1:colcon.colcon_core.package_identification:_identify(.) by extension 'colcon_meta'
[0.945s] Level 1:colcon.colcon_core.package_identification:_identify(.) by extensions ['ros']
[0.945s] Level 1:colcon.colcon_core.package_identification:_identify(.) by extension 'ros'
[0.978s] Level 1:colcon.colcon_core.package_identification:_identify(.) by extensions ['cmake', 'python']
[0.978s] Level 1:colcon.colcon_core.package_identification:_identify(.) by extension 'cmake'
[0.978s] Level 1:colcon.colcon_core.package_identification:_identify(.) by extension 'python'
[0.978s] Level 1:colcon.colcon_core.package_identification:_identify(.) by extensions ['python_setup_py']
[0.980s] Level 1:colcon.colcon_core.package_identification:_identify(.) by extension 'python_setup_py'
[0.980s] Level 1:colcon.colcon_core.package_identification:_identify(build) by extensions ['ignore', 'ignore_ament_install']
[0.980s] Level 1:colcon.colcon_core.package_identification:_identify(build) by extension 'ignore'
[0.980s] Level 1:colcon.colcon_core.package_identification:_identify(build) ignored
[0.981s] Level 1:colcon.colcon_core.package_identification:_identify(install) by extensions ['ignore', 'ignore_ament_install']
[0.981s] Level 1:colcon.colcon_core.package_identification:_identify(install) by extension 'ignore'
[0.981s] Level 1:colcon.colcon_core.package_identification:_identify(install) ignored
[0.982s] Level 1:colcon.colcon_core.package_identification:_identify(log) by extensions ['ignore', 'ignore_ament_install']
[0.982s] Level 1:colcon.colcon_core.package_identification:_identify(log) by extension 'ignore'
[0.982s] Level 1:colcon.colcon_core.package_identification:_identify(log) ignored
[0.982s] Level 1:colcon.colcon_core.package_identification:_identify(src) by extensions ['ignore', 'ignore_ament_install']
[0.983s] Level 1:colcon.colcon_core.package_identification:_identify(src) by extension 'ignore'
[0.983s] Level 1:colcon.colcon_core.package_identification:_identify(src) by extension 'ignore_ament_install'
[0.983s] Level 1:colcon.colcon_core.package_identification:_identify(src) by extensions ['colcon_pkg']
[0.983s] Level 1:colcon.colcon_core.package_identification:_identify(src) by extension 'colcon_pkg'
[0.986s] Level 1:colcon.colcon_core.package_identification:_identify(src) by extensions ['colcon_meta']
[0.987s] Level 1:colcon.colcon_core.package_identification:_identify(src) by extension 'colcon_meta'
[0.987s] Level 1:colcon.colcon_core.package_identification:_identify(src) by extensions ['ros']
[0.987s] Level 1:colcon.colcon_core.package_identification:_identify(src) by extension 'ros'
[0.987s] Level 1:colcon.colcon_core.package_identification:_identify(src) by extensions ['cmake', 'python']
[0.988s] Level 1:colcon.colcon_core.package_identification:_identify(src) by extension 'cmake'
[0.988s] Level 1:colcon.colcon_core.package_identification:_identify(src) by extension 'python'
[0.988s] Level 1:colcon.colcon_core.package_identification:_identify(src) by extensions ['python_setup_py']
[0.988s] Level 1:colcon.colcon_core.package_identification:_identify(src) by extension 'python_setup_py'
[0.988s] Level 1:colcon.colcon_core.package_identification:_identify(src/blink_publisher) by extensions ['ignore', 'ignore_ament_install']
[0.989s] Level 1:colcon.colcon_core.package_identification:_identify(src/blink_publisher) by extension 'ignore'
[0.989s] Level 1:colcon.colcon_core.package_identification:_identify(src/blink_publisher) by extension 'ignore_ament_install'
[0.989s] Level 1:colcon.colcon_core.package_identification:_identify(src/blink_publisher) by extensions ['colcon_pkg']
[0.989s] Level 1:colcon.colcon_core.package_identification:_identify(src/blink_publisher) by extension 'colcon_pkg'
[0.990s] Level 1:colcon.colcon_core.package_identification:_identify(src/blink_publisher) by extensions ['colcon_meta']
[0.990s] Level 1:colcon.colcon_core.package_identification:_identify(src/blink_publisher) by extension 'colcon_meta'
[0.990s] Level 1:colcon.colcon_core.package_identification:_identify(src/blink_publisher) by extensions ['ros']
[0.990s] Level 1:colcon.colcon_core.package_identification:_identify(src/blink_publisher) by extension 'ros'
[0.996s] DEBUG:colcon.colcon_core.package_identification:Package 'src/blink_publisher' with type 'ros.ament_python' and name 'blink_publisher'
[0.997s] Level 1:colcon.colcon_core.package_identification:_identify(src/ros2_teleop_keyboard) by extensions ['ignore', 'ignore_ament_install']
[0.998s] Level 1:colcon.colcon_core.package_identification:_identify(src/ros2_teleop_keyboard) by extension 'ignore'
[0.998s] Level 1:colcon.colcon_core.package_identification:_identify(src/ros2_teleop_keyboard) by extension 'ignore_ament_install'
[0.999s] Level 1:colcon.colcon_core.package_identification:_identify(src/ros2_teleop_keyboard) by extensions ['colcon_pkg']
[0.999s] Level 1:colcon.colcon_core.package_identification:_identify(src/ros2_teleop_keyboard) by extension 'colcon_pkg'
[0.999s] Level 1:colcon.colcon_core.package_identification:_identify(src/ros2_teleop_keyboard) by extensions ['colcon_meta']
[0.999s] Level 1:colcon.colcon_core.package_identification:_identify(src/ros2_teleop_keyboard) by extension 'colcon_meta'
[0.999s] Level 1:colcon.colcon_core.package_identification:_identify(src/ros2_teleop_keyboard) by extensions ['ros']
[1.000s] Level 1:colcon.colcon_core.package_identification:_identify(src/ros2_teleop_keyboard) by extension 'ros'
[1.001s] DEBUG:colcon.colcon_core.package_identification:Package 'src/ros2_teleop_keyboard' with type 'ros.ament_python' and name 'ros2_teleop_keyboard'
[1.001s] Level 1:colcon.colcon_core.package_discovery:discover_packages(recursive) using defaults
[1.001s] Level 1:colcon.colcon_core.package_discovery:discover_packages(ignore) discover
[1.001s] Level 1:colcon.colcon_core.package_discovery:discover_packages(ignore) using defaults
[1.002s] Level 1:colcon.colcon_core.package_discovery:discover_packages(path) discover
[1.002s] Level 1:colcon.colcon_core.package_discovery:discover_packages(path) using defaults
[1.069s] Level 5:colcon.colcon_core.verb:set package 'blink_publisher' build argument 'cmake_args' from command line to 'None'
[1.069s] Level 5:colcon.colcon_core.verb:set package 'blink_publisher' build argument 'cmake_target' from command line to 'None'
[1.069s] Level 5:colcon.colcon_core.verb:set package 'blink_publisher' build argument 'cmake_target_skip_unavailable' from command line to 'False'
[1.069s] Level 5:colcon.colcon_core.verb:set package 'blink_publisher' build argument 'cmake_clean_cache' from command line to 'False'
[1.069s] Level 5:colcon.colcon_core.verb:set package 'blink_publisher' build argument 'cmake_clean_first' from command line to 'False'
[1.070s] Level 5:colcon.colcon_core.verb:set package 'blink_publisher' build argument 'cmake_force_configure' from command line to 'False'
[1.070s] Level 5:colcon.colcon_core.verb:set package 'blink_publisher' build argument 'ament_cmake_args' from command line to 'None'
[1.071s] Level 5:colcon.colcon_core.verb:set package 'blink_publisher' build argument 'catkin_cmake_args' from command line to 'None'
[1.071s] Level 5:colcon.colcon_core.verb:set package 'blink_publisher' build argument 'catkin_skip_building_tests' from command line to 'False'
[1.071s] DEBUG:colcon.colcon_core.verb:Building package 'blink_publisher' with the following arguments: {'ament_cmake_args': None, 'build_base': '/home/robotics/ros2_ws/build/blink_publisher', 'catkin_cmake_args': None, 'catkin_skip_building_tests': False, 'cmake_args': None, 'cmake_clean_cache': False, 'cmake_clean_first': False, 'cmake_force_configure': False, 'cmake_target': None, 'cmake_target_skip_unavailable': False, 'install_base': '/home/robotics/ros2_ws/install/blink_publisher', 'merge_install': False, 'path': '/home/robotics/ros2_ws/src/blink_publisher', 'symlink_install': False, 'test_result_base': None}
[1.079s] Level 5:colcon.colcon_core.verb:set package 'ros2_teleop_keyboard' build argument 'cmake_args' from command line to 'None'
[1.079s] Level 5:colcon.colcon_core.verb:set package 'ros2_teleop_keyboard' build argument 'cmake_target' from command line to 'None'
[1.079s] Level 5:colcon.colcon_core.verb:set package 'ros2_teleop_keyboard' build argument 'cmake_target_skip_unavailable' from command line to 'False'
[1.079s] Level 5:colcon.colcon_core.verb:set package 'ros2_teleop_keyboard' build argument 'cmake_clean_cache' from command line to 'False'
[1.080s] Level 5:colcon.colcon_core.verb:set package 'ros2_teleop_keyboard' build argument 'cmake_clean_first' from command line to 'False'
[1.080s] Level 5:colcon.colcon_core.verb:set package 'ros2_teleop_keyboard' build argument 'cmake_force_configure' from command line to 'False'
[1.080s] Level 5:colcon.colcon_core.verb:set package 'ros2_teleop_keyboard' build argument 'ament_cmake_args' from command line to 'None'
[1.080s] Level 5:colcon.colcon_core.verb:set package 'ros2_teleop_keyboard' build argument 'catkin_cmake_args' from command line to 'None'
[1.080s] Level 5:colcon.colcon_core.verb:set package 'ros2_teleop_keyboard' build argument 'catkin_skip_building_tests' from command line to 'False'
[1.080s] DEBUG:colcon.colcon_core.verb:Building package 'ros2_teleop_keyboard' with the following arguments: {'ament_cmake_args': None, 'build_base': '/home/robotics/ros2_ws/build/ros2_teleop_keyboard', 'catkin_cmake_args': None, 'catkin_skip_building_tests': False, 'cmake_args': None, 'cmake_clean_cache': False, 'cmake_clean_first': False, 'cmake_force_configure': False, 'cmake_target': None, 'cmake_target_skip_unavailable': False, 'install_base': '/home/robotics/ros2_ws/install/ros2_teleop_keyboard', 'merge_install': False, 'path': '/home/robotics/ros2_ws/src/ros2_teleop_keyboard', 'symlink_install': False, 'test_result_base': None}
[1.082s] INFO:colcon.colcon_core.executor:Executing jobs using 'parallel' executor
[1.087s] DEBUG:colcon.colcon_parallel_executor.executor.parallel:run_until_complete
[1.088s] INFO:colcon.colcon_ros.task.ament_python.build:Building ROS package in '/home/robotics/ros2_ws/src/blink_publisher' with build type 'ament_python'
[1.088s] Level 1:colcon.colcon_core.shell:create_environment_hook('blink_publisher', 'ament_prefix_path')
[1.100s] INFO:colcon.colcon_core.plugin_system:Skipping extension 'colcon_core.shell.bat': Not used on non-Windows systems
[1.101s] INFO:colcon.colcon_core.shell:Creating environment hook '/home/robotics/ros2_ws/install/blink_publisher/share/blink_publisher/hook/ament_prefix_path.ps1'
[1.104s] INFO:colcon.colcon_core.shell:Creating environment descriptor '/home/robotics/ros2_ws/install/blink_publisher/share/blink_publisher/hook/ament_prefix_path.dsv'
[1.105s] INFO:colcon.colcon_core.shell:Creating environment hook '/home/robotics/ros2_ws/install/blink_publisher/share/blink_publisher/hook/ament_prefix_path.sh'
[1.111s] INFO:colcon.colcon_core.shell:Skip shell extension 'powershell' for command environment: Not usable outside of PowerShell
[1.111s] DEBUG:colcon.colcon_core.shell:Skip shell extension 'dsv' for command environment
[1.128s] DEBUG:colcon.colcon_core.shell:Ignoring prefix path '/opt/ros/foxy'
[2.681s] INFO:colcon.colcon_core.task.python.build:Building Python package in '/home/robotics/ros2_ws/src/blink_publisher'
[2.684s] INFO:colcon.colcon_core.shell:Skip shell extension 'powershell' for command environment: Not usable outside of PowerShell
[2.684s] DEBUG:colcon.colcon_core.shell:Skip shell extension 'dsv' for command environment
[2.690s] DEBUG:colcon.colcon_core.shell:Ignoring prefix path '/opt/ros/foxy'
[2.715s] DEBUG:colcon.colcon_core.event_handler.log_command:Invoking command in '/home/robotics/ros2_ws/src/blink_publisher': PYTHONPATH=/home/robotics/ros2_ws/install/blink_publisher/lib/python3.8/site-packages:${PYTHONPATH} /usr/bin/python3 setup.py egg_info --egg-base ../../build/blink_publisher build --build-base /home/robotics/ros2_ws/build/blink_publisher/build install --prefix /home/robotics/ros2_ws/install/blink_publisher --record /home/robotics/ros2_ws/build/blink_publisher/install.log --single-version-externally-managed
[3.851s] DEBUG:colcon.colcon_core.event_handler.log_command:Invoked command in '/home/robotics/ros2_ws/src/blink_publisher' returned '0': PYTHONPATH=/home/robotics/ros2_ws/install/blink_publisher/lib/python3.8/site-packages:${PYTHONPATH} /usr/bin/python3 setup.py egg_info --egg-base ../../build/blink_publisher build --build-base /home/robotics/ros2_ws/build/blink_publisher/build install --prefix /home/robotics/ros2_ws/install/blink_publisher --record /home/robotics/ros2_ws/build/blink_publisher/install.log --single-version-externally-managed
[3.873s] Level 1:colcon.colcon_core.environment:checking '/home/robotics/ros2_ws/install/blink_publisher' for CMake module files
[3.875s] Level 1:colcon.colcon_core.environment:checking '/home/robotics/ros2_ws/install/blink_publisher' for CMake config files
[3.877s] Level 1:colcon.colcon_core.environment:checking '/home/robotics/ros2_ws/install/blink_publisher/lib'
[3.878s] Level 1:colcon.colcon_core.environment:checking '/home/robotics/ros2_ws/install/blink_publisher/bin'
[3.878s] Level 1:colcon.colcon_core.environment:checking '/home/robotics/ros2_ws/install/blink_publisher/lib/pkgconfig/blink_publisher.pc'
[3.879s] Level 1:colcon.colcon_core.environment:checking '/home/robotics/ros2_ws/install/blink_publisher/lib/python3.8/site-packages'
[3.879s] Level 1:colcon.colcon_core.shell:create_environment_hook('blink_publisher', 'pythonpath')
[3.880s] INFO:colcon.colcon_core.shell:Creating environment hook '/home/robotics/ros2_ws/install/blink_publisher/share/blink_publisher/hook/pythonpath.ps1'
[3.882s] INFO:colcon.colcon_core.shell:Creating environment descriptor '/home/robotics/ros2_ws/install/blink_publisher/share/blink_publisher/hook/pythonpath.dsv'
[3.884s] INFO:colcon.colcon_core.shell:Creating environment hook '/home/robotics/ros2_ws/install/blink_publisher/share/blink_publisher/hook/pythonpath.sh'
[3.886s] Level 1:colcon.colcon_core.environment:create_environment_scripts_only(blink_publisher)
[3.887s] INFO:colcon.colcon_core.shell:Creating package script '/home/robotics/ros2_ws/install/blink_publisher/share/blink_publisher/package.ps1'
[3.891s] INFO:colcon.colcon_core.shell:Creating package descriptor '/home/robotics/ros2_ws/install/blink_publisher/share/blink_publisher/package.dsv'
[3.892s] INFO:colcon.colcon_core.shell:Creating package script '/home/robotics/ros2_ws/install/blink_publisher/share/blink_publisher/package.sh'
[3.895s] INFO:colcon.colcon_core.shell:Creating package script '/home/robotics/ros2_ws/install/blink_publisher/share/blink_publisher/package.bash'
[3.897s] INFO:colcon.colcon_core.shell:Creating package script '/home/robotics/ros2_ws/install/blink_publisher/share/blink_publisher/package.zsh'
[3.899s] Level 1:colcon.colcon_core.environment:create_file_with_runtime_dependencies(/home/robotics/ros2_ws/install/blink_publisher/share/colcon-core/packages/blink_publisher)
[3.903s] INFO:colcon.colcon_ros.task.ament_python.build:Building ROS package in '/home/robotics/ros2_ws/src/ros2_teleop_keyboard' with build type 'ament_python'
[3.904s] Level 1:colcon.colcon_core.shell:create_environment_hook('ros2_teleop_keyboard', 'ament_prefix_path')
[3.905s] INFO:colcon.colcon_core.shell:Creating environment hook '/home/robotics/ros2_ws/install/ros2_teleop_keyboard/share/ros2_teleop_keyboard/hook/ament_prefix_path.ps1'
[3.908s] INFO:colcon.colcon_core.shell:Creating environment descriptor '/home/robotics/ros2_ws/install/ros2_teleop_keyboard/share/ros2_teleop_keyboard/hook/ament_prefix_path.dsv'
[3.909s] INFO:colcon.colcon_core.shell:Creating environment hook '/home/robotics/ros2_ws/install/ros2_teleop_keyboard/share/ros2_teleop_keyboard/hook/ament_prefix_path.sh'
[3.911s] INFO:colcon.colcon_core.shell:Skip shell extension 'powershell' for command environment: Not usable outside of PowerShell
[3.912s] DEBUG:colcon.colcon_core.shell:Skip shell extension 'dsv' for command environment
[3.929s] DEBUG:colcon.colcon_core.shell:Ignoring prefix path '/opt/ros/foxy'
[5.115s] INFO:colcon.colcon_core.task.python.build:Building Python package in '/home/robotics/ros2_ws/src/ros2_teleop_keyboard'
[5.119s] INFO:colcon.colcon_core.shell:Skip shell extension 'powershell' for command environment: Not usable outside of PowerShell
[5.119s] DEBUG:colcon.colcon_core.shell:Skip shell extension 'dsv' for command environment
[5.125s] DEBUG:colcon.colcon_core.shell:Ignoring prefix path '/opt/ros/foxy'
[5.146s] DEBUG:colcon.colcon_core.event_handler.log_command:Invoking command in '/home/robotics/ros2_ws/src/ros2_teleop_keyboard': PYTHONPATH=/home/robotics/ros2_ws/install/ros2_teleop_keyboard/lib/python3.8/site-packages:${PYTHONPATH} /usr/bin/python3 setup.py egg_info --egg-base ../../build/ros2_teleop_keyboard build --build-base /home/robotics/ros2_ws/build/ros2_teleop_keyboard/build install --prefix /home/robotics/ros2_ws/install/ros2_teleop_keyboard --record /home/robotics/ros2_ws/build/ros2_teleop_keyboard/install.log --single-version-externally-managed
[6.384s] Level 1:colcon.colcon_core.environment:checking '/home/robotics/ros2_ws/install/ros2_teleop_keyboard' for CMake module files
[6.385s] DEBUG:colcon.colcon_core.event_handler.log_command:Invoked command in '/home/robotics/ros2_ws/src/ros2_teleop_keyboard' returned '0': PYTHONPATH=/home/robotics/ros2_ws/install/ros2_teleop_keyboard/lib/python3.8/site-packages:${PYTHONPATH} /usr/bin/python3 setup.py egg_info --egg-base ../../build/ros2_teleop_keyboard build --build-base /home/robotics/ros2_ws/build/ros2_teleop_keyboard/build install --prefix /home/robotics/ros2_ws/install/ros2_teleop_keyboard --record /home/robotics/ros2_ws/build/ros2_teleop_keyboard/install.log --single-version-externally-managed
[6.388s] Level 1:colcon.colcon_core.environment:checking '/home/robotics/ros2_ws/install/ros2_teleop_keyboard' for CMake config files
[6.390s] Level 1:colcon.colcon_core.environment:checking '/home/robotics/ros2_ws/install/ros2_teleop_keyboard/lib'
[6.395s] Level 1:colcon.colcon_core.environment:checking '/home/robotics/ros2_ws/install/ros2_teleop_keyboard/bin'
[6.395s] Level 1:colcon.colcon_core.environment:checking '/home/robotics/ros2_ws/install/ros2_teleop_keyboard/lib/pkgconfig/ros2_teleop_keyboard.pc'
[6.396s] Level 1:colcon.colcon_core.environment:checking '/home/robotics/ros2_ws/install/ros2_teleop_keyboard/lib/python3.8/site-packages'
[6.396s] Level 1:colcon.colcon_core.shell:create_environment_hook('ros2_teleop_keyboard', 'pythonpath')
[6.403s] INFO:colcon.colcon_core.shell:Creating environment hook '/home/robotics/ros2_ws/install/ros2_teleop_keyboard/share/ros2_teleop_keyboard/hook/pythonpath.ps1'
[6.412s] INFO:colcon.colcon_core.shell:Creating environment descriptor '/home/robotics/ros2_ws/install/ros2_teleop_keyboard/share/ros2_teleop_keyboard/hook/pythonpath.dsv'
[6.413s] INFO:colcon.colcon_core.shell:Creating environment hook '/home/robotics/ros2_ws/install/ros2_teleop_keyboard/share/ros2_teleop_keyboard/hook/pythonpath.sh'
[6.413s] Level 1:colcon.colcon_core.environment:create_environment_scripts_only(ros2_teleop_keyboard)
[6.415s] INFO:colcon.colcon_core.shell:Creating package script '/home/robotics/ros2_ws/install/ros2_teleop_keyboard/share/ros2_teleop_keyboard/package.ps1'
[6.416s] INFO:colcon.colcon_core.shell:Creating package descriptor '/home/robotics/ros2_ws/install/ros2_teleop_keyboard/share/ros2_teleop_keyboard/package.dsv'
[6.418s] INFO:colcon.colcon_core.shell:Creating package script '/home/robotics/ros2_ws/install/ros2_teleop_keyboard/share/ros2_teleop_keyboard/package.sh'
[6.423s] INFO:colcon.colcon_core.shell:Creating package script '/home/robotics/ros2_ws/install/ros2_teleop_keyboard/share/ros2_teleop_keyboard/package.bash'
[6.424s] INFO:colcon.colcon_core.shell:Creating package script '/home/robotics/ros2_ws/install/ros2_teleop_keyboard/share/ros2_teleop_keyboard/package.zsh'
[6.424s] Level 1:colcon.colcon_core.environment:create_file_with_runtime_dependencies(/home/robotics/ros2_ws/install/ros2_teleop_keyboard/share/colcon-core/packages/ros2_teleop_keyboard)
[6.429s] DEBUG:colcon.colcon_parallel_executor.executor.parallel:closing loop
[6.430s] DEBUG:colcon.colcon_parallel_executor.executor.parallel:loop closed
[6.430s] DEBUG:colcon.colcon_parallel_executor.executor.parallel:run_until_complete finished with '0'
[6.430s] DEBUG:colcon.colcon_core.event_reactor:joining thread
[6.497s] INFO:colcon.colcon_core.plugin_system:Skipping extension 'colcon_notification.desktop_notification.terminal_notifier': Not used on non-Darwin systems
[6.498s] INFO:colcon.colcon_core.plugin_system:Skipping extension 'colcon_notification.desktop_notification.win32': Not used on non-Windows systems
[6.500s] INFO:colcon.colcon_notification.desktop_notification:Sending desktop notification using 'notify2'
[6.630s] DEBUG:colcon.colcon_core.event_reactor:joined thread
[6.632s] INFO:colcon.colcon_core.shell:Creating prefix script '/home/robotics/ros2_ws/install/local_setup.ps1'
[6.637s] INFO:colcon.colcon_core.shell:Creating prefix util module '/home/robotics/ros2_ws/install/_local_setup_util_ps1.py'
[6.649s] INFO:colcon.colcon_core.shell:Creating prefix chain script '/home/robotics/ros2_ws/install/setup.ps1'
[6.663s] INFO:colcon.colcon_core.shell:Creating prefix script '/home/robotics/ros2_ws/install/local_setup.sh'
[6.668s] INFO:colcon.colcon_core.shell:Creating prefix util module '/home/robotics/ros2_ws/install/_local_setup_util_sh.py'
[6.672s] INFO:colcon.colcon_core.shell:Creating prefix chain script '/home/robotics/ros2_ws/install/setup.sh'
[6.688s] INFO:colcon.colcon_core.shell:Creating prefix script '/home/robotics/ros2_ws/install/local_setup.bash'
[6.693s] INFO:colcon.colcon_core.shell:Creating prefix chain script '/home/robotics/ros2_ws/install/setup.bash'
[6.706s] INFO:colcon.colcon_core.shell:Creating prefix script '/home/robotics/ros2_ws/install/local_setup.zsh'
[6.710s] INFO:colcon.colcon_core.shell:Creating prefix chain script '/home/robotics/ros2_ws/install/setup.zsh'
