running egg_info
creating ../../build/blink_publisher/blink_publisher.egg-info
writing ../../build/blink_publisher/blink_publisher.egg-info/PKG-INFO
writing dependency_links to ../../build/blink_publisher/blink_publisher.egg-info/dependency_links.txt
writing entry points to ../../build/blink_publisher/blink_publisher.egg-info/entry_points.txt
writing requirements to ../../build/blink_publisher/blink_publisher.egg-info/requires.txt
writing top-level names to ../../build/blink_publisher/blink_publisher.egg-info/top_level.txt
writing manifest file '../../build/blink_publisher/blink_publisher.egg-info/SOURCES.txt'
reading manifest file '../../build/blink_publisher/blink_publisher.egg-info/SOURCES.txt'
writing manifest file '../../build/blink_publisher/blink_publisher.egg-info/SOURCES.txt'
running build
running build_py
creating /home/robotics/ros2_ws/build/blink_publisher/build
creating /home/robotics/ros2_ws/build/blink_publisher/build/lib
creating /home/robotics/ros2_ws/build/blink_publisher/build/lib/blink_publisher
copying blink_publisher/blink.py -> /home/robotics/ros2_ws/build/blink_publisher/build/lib/blink_publisher
copying blink_publisher/__init__.py -> /home/robotics/ros2_ws/build/blink_publisher/build/lib/blink_publisher
running install
running install_lib
creating /home/robotics/ros2_ws/install/blink_publisher/lib/python3.8/site-packages/blink_publisher
copying /home/robotics/ros2_ws/build/blink_publisher/build/lib/blink_publisher/blink.py -> /home/robotics/ros2_ws/install/blink_publisher/lib/python3.8/site-packages/blink_publisher
copying /home/robotics/ros2_ws/build/blink_publisher/build/lib/blink_publisher/__init__.py -> /home/robotics/ros2_ws/install/blink_publisher/lib/python3.8/site-packages/blink_publisher
byte-compiling /home/robotics/ros2_ws/install/blink_publisher/lib/python3.8/site-packages/blink_publisher/blink.py to blink.cpython-38.pyc
byte-compiling /home/robotics/ros2_ws/install/blink_publisher/lib/python3.8/site-packages/blink_publisher/__init__.py to __init__.cpython-38.pyc
running install_data
creating /home/robotics/ros2_ws/install/blink_publisher/share/ament_index
creating /home/robotics/ros2_ws/install/blink_publisher/share/ament_index/resource_index
creating /home/robotics/ros2_ws/install/blink_publisher/share/ament_index/resource_index/packages
copying resource/blink_publisher -> /home/robotics/ros2_ws/install/blink_publisher/share/ament_index/resource_index/packages
copying package.xml -> /home/robotics/ros2_ws/install/blink_publisher/share/blink_publisher
running install_egg_info
Copying ../../build/blink_publisher/blink_publisher.egg-info to /home/robotics/ros2_ws/install/blink_publisher/lib/python3.8/site-packages/blink_publisher-0.0.0-py3.8.egg-info
running install_scripts
Installing blink script to /home/robotics/ros2_ws/install/blink_publisher/lib/blink_publisher
writing list of installed files to '/home/robotics/ros2_ws/build/blink_publisher/install.log'
