[2.493s] Invoking command in '/home/robotics/ros2_ws/src/blink_publisher': PYTHONPATH=/home/robotics/ros2_ws/install/blink_publisher/lib/python3.8/site-packages:${PYTHONPATH} /usr/bin/python3 setup.py egg_info --egg-base ../../build/blink_publisher build --build-base /home/robotics/ros2_ws/build/blink_publisher/build install --prefix /home/robotics/ros2_ws/install/blink_publisher --record /home/robotics/ros2_ws/build/blink_publisher/install.log --single-version-externally-managed
[3.138s] running egg_info
[3.140s] creating ../../build/blink_publisher/blink_publisher.egg-info
[3.141s] writing ../../build/blink_publisher/blink_publisher.egg-info/PKG-INFO
[3.142s] writing dependency_links to ../../build/blink_publisher/blink_publisher.egg-info/dependency_links.txt
[3.144s] writing entry points to ../../build/blink_publisher/blink_publisher.egg-info/entry_points.txt
[3.145s] writing requirements to ../../build/blink_publisher/blink_publisher.egg-info/requires.txt
[3.145s] writing top-level names to ../../build/blink_publisher/blink_publisher.egg-info/top_level.txt
[3.154s] writing manifest file '../../build/blink_publisher/blink_publisher.egg-info/SOURCES.txt'
[3.276s] reading manifest file '../../build/blink_publisher/blink_publisher.egg-info/SOURCES.txt'
[3.279s] writing manifest file '../../build/blink_publisher/blink_publisher.egg-info/SOURCES.txt'
[3.280s] running build
[3.280s] running build_py
[3.281s] creating /home/robotics/ros2_ws/build/blink_publisher/build
[3.282s] creating /home/robotics/ros2_ws/build/blink_publisher/build/lib
[3.282s] creating /home/robotics/ros2_ws/build/blink_publisher/build/lib/blink_publisher
[3.283s] copying blink_publisher/blink.py -> /home/robotics/ros2_ws/build/blink_publisher/build/lib/blink_publisher
[3.284s] copying blink_publisher/__init__.py -> /home/robotics/ros2_ws/build/blink_publisher/build/lib/blink_publisher
[3.285s] running install
[3.288s] running install_lib
[3.293s] creating /home/robotics/ros2_ws/install/blink_publisher/lib/python3.8/site-packages/blink_publisher
[3.294s] copying /home/robotics/ros2_ws/build/blink_publisher/build/lib/blink_publisher/blink.py -> /home/robotics/ros2_ws/install/blink_publisher/lib/python3.8/site-packages/blink_publisher
[3.295s] copying /home/robotics/ros2_ws/build/blink_publisher/build/lib/blink_publisher/__init__.py -> /home/robotics/ros2_ws/install/blink_publisher/lib/python3.8/site-packages/blink_publisher
[3.297s] byte-compiling /home/robotics/ros2_ws/install/blink_publisher/lib/python3.8/site-packages/blink_publisher/blink.py to blink.cpython-38.pyc
[3.301s] byte-compiling /home/robotics/ros2_ws/install/blink_publisher/lib/python3.8/site-packages/blink_publisher/__init__.py to __init__.cpython-38.pyc
[3.302s] running install_data
[3.305s] creating /home/robotics/ros2_ws/install/blink_publisher/share/ament_index
[3.305s] creating /home/robotics/ros2_ws/install/blink_publisher/share/ament_index/resource_index
[3.306s] creating /home/robotics/ros2_ws/install/blink_publisher/share/ament_index/resource_index/packages
[3.307s] copying resource/blink_publisher -> /home/robotics/ros2_ws/install/blink_publisher/share/ament_index/resource_index/packages
[3.308s] copying package.xml -> /home/robotics/ros2_ws/install/blink_publisher/share/blink_publisher
[3.309s] running install_egg_info
[3.316s] Copying ../../build/blink_publisher/blink_publisher.egg-info to /home/robotics/ros2_ws/install/blink_publisher/lib/python3.8/site-packages/blink_publisher-0.0.0-py3.8.egg-info
[3.327s] running install_scripts
[3.382s] Installing blink script to /home/robotics/ros2_ws/install/blink_publisher/lib/blink_publisher
[3.384s] writing list of installed files to '/home/robotics/ros2_ws/build/blink_publisher/install.log'
[3.431s] Invoked command in '/home/robotics/ros2_ws/src/blink_publisher' returned '0': PYTHONPATH=/home/robotics/ros2_ws/install/blink_publisher/lib/python3.8/site-packages:${PYTHONPATH} /usr/bin/python3 setup.py egg_info --egg-base ../../build/blink_publisher build --build-base /home/robotics/ros2_ws/build/blink_publisher/build install --prefix /home/robotics/ros2_ws/install/blink_publisher --record /home/robotics/ros2_ws/build/blink_publisher/install.log --single-version-externally-managed
