[2.981s] Invoking command in '/home/robotics/ros2_ws/src/ros2_teleop_keyboard': PYTHONPATH=/home/robotics/ros2_ws/install/ros2_teleop_keyboard/lib/python3.8/site-packages:${PYTHONPATH} /usr/bin/python3 setup.py egg_info --egg-base ../../build/ros2_teleop_keyboard build --build-base /home/robotics/ros2_ws/build/ros2_teleop_keyboard/build install --prefix /home/robotics/ros2_ws/install/ros2_teleop_keyboard --record /home/robotics/ros2_ws/build/ros2_teleop_keyboard/install.log --single-version-externally-managed
[5.661s] running egg_info
[5.664s] writing ../../build/ros2_teleop_keyboard/ros2_teleop_keyboard.egg-info/PKG-INFO
[5.666s] writing dependency_links to ../../build/ros2_teleop_keyboard/ros2_teleop_keyboard.egg-info/dependency_links.txt
[5.667s] writing entry points to ../../build/ros2_teleop_keyboard/ros2_teleop_keyboard.egg-info/entry_points.txt
[5.669s] writing requirements to ../../build/ros2_teleop_keyboard/ros2_teleop_keyboard.egg-info/requires.txt
[5.671s] writing top-level names to ../../build/ros2_teleop_keyboard/ros2_teleop_keyboard.egg-info/top_level.txt
[6.088s] reading manifest file '../../build/ros2_teleop_keyboard/ros2_teleop_keyboard.egg-info/SOURCES.txt'
[6.104s] writing manifest file '../../build/ros2_teleop_keyboard/ros2_teleop_keyboard.egg-info/SOURCES.txt'
[6.110s] running build
[6.111s] running build_py
[6.112s] copying ros2_teleop_keyboard/teleop_twist_keyboard.py -> /home/robotics/ros2_ws/build/ros2_teleop_keyboard/build/lib/ros2_teleop_keyboard
[6.116s] running install
[6.122s] running install_lib
[6.133s] copying /home/robotics/ros2_ws/build/ros2_teleop_keyboard/build/lib/ros2_teleop_keyboard/teleop_twist_keyboard.py -> /home/robotics/ros2_ws/install/ros2_teleop_keyboard/lib/python3.8/site-packages/ros2_teleop_keyboard
[6.137s] byte-compiling /home/robotics/ros2_ws/install/ros2_teleop_keyboard/lib/python3.8/site-packages/ros2_teleop_keyboard/teleop_twist_keyboard.py to teleop_twist_keyboard.cpython-38.pyc
[6.167s] running install_data
[6.174s] running install_egg_info
[6.211s] removing '/home/robotics/ros2_ws/install/ros2_teleop_keyboard/lib/python3.8/site-packages/ros2_teleop_keyboard-0.0.0-py3.8.egg-info' (and everything under it)
[6.218s] Copying ../../build/ros2_teleop_keyboard/ros2_teleop_keyboard.egg-info to /home/robotics/ros2_ws/install/ros2_teleop_keyboard/lib/python3.8/site-packages/ros2_teleop_keyboard-0.0.0-py3.8.egg-info
[6.234s] running install_scripts
[6.545s] Installing teleop_twist_keyboard script to /home/robotics/ros2_ws/install/ros2_teleop_keyboard/lib/ros2_teleop_keyboard
[6.554s] writing list of installed files to '/home/robotics/ros2_ws/build/ros2_teleop_keyboard/install.log'
[6.796s] Invoked command in '/home/robotics/ros2_ws/src/ros2_teleop_keyboard' returned '0': PYTHONPATH=/home/robotics/ros2_ws/install/ros2_teleop_keyboard/lib/python3.8/site-packages:${PYTHONPATH} /usr/bin/python3 setup.py egg_info --egg-base ../../build/ros2_teleop_keyboard build --build-base /home/robotics/ros2_ws/build/ros2_teleop_keyboard/build install --prefix /home/robotics/ros2_ws/install/ros2_teleop_keyboard --record /home/robotics/ros2_ws/build/ros2_teleop_keyboard/install.log --single-version-externally-managed
