[0.973s] Invoking command in '/home/robotics/ros2_ws/src/blink_publisher': PYTHONPATH=/home/robotics/ros2_ws/install/blink_publisher/lib/python3.8/site-packages:${PYTHONPATH} /usr/bin/python3 setup.py egg_info --egg-base ../../build/blink_publisher build --build-base /home/robotics/ros2_ws/build/blink_publisher/build install --prefix /home/robotics/ros2_ws/install/blink_publisher --record /home/robotics/ros2_ws/build/blink_publisher/install.log --single-version-externally-managed
[1.768s] running egg_info
[1.770s] writing ../../build/blink_publisher/blink_publisher.egg-info/PKG-INFO
[1.772s] writing dependency_links to ../../build/blink_publisher/blink_publisher.egg-info/dependency_links.txt
[1.774s] writing entry points to ../../build/blink_publisher/blink_publisher.egg-info/entry_points.txt
[1.774s] writing requirements to ../../build/blink_publisher/blink_publisher.egg-info/requires.txt
[1.775s] writing top-level names to ../../build/blink_publisher/blink_publisher.egg-info/top_level.txt
[1.919s] reading manifest file '../../build/blink_publisher/blink_publisher.egg-info/SOURCES.txt'
[1.926s] writing manifest file '../../build/blink_publisher/blink_publisher.egg-info/SOURCES.txt'
[1.927s] running build
[1.927s] running build_py
[1.931s] running install
[1.935s] running install_lib
[1.942s] running install_data
[1.949s] running install_egg_info
[1.962s] removing '/home/robotics/ros2_ws/install/blink_publisher/lib/python3.8/site-packages/blink_publisher-0.0.0-py3.8.egg-info' (and everything under it)
[1.963s] Copying ../../build/blink_publisher/blink_publisher.egg-info to /home/robotics/ros2_ws/install/blink_publisher/lib/python3.8/site-packages/blink_publisher-0.0.0-py3.8.egg-info
[1.967s] running install_scripts
[2.022s] Installing blink script to /home/robotics/ros2_ws/install/blink_publisher/lib/blink_publisher
[2.025s] writing list of installed files to '/home/robotics/ros2_ws/build/blink_publisher/install.log'
[2.087s] Invoked command in '/home/robotics/ros2_ws/src/blink_publisher' returned '0': PYTHONPATH=/home/robotics/ros2_ws/install/blink_publisher/lib/python3.8/site-packages:${PYTHONPATH} /usr/bin/python3 setup.py egg_info --egg-base ../../build/blink_publisher build --build-base /home/robotics/ros2_ws/build/blink_publisher/build install --prefix /home/robotics/ros2_ws/install/blink_publisher --record /home/robotics/ros2_ws/build/blink_publisher/install.log --single-version-externally-managed
