[1.620s] Invoking command in '/home/robotics/ros2_ws/src/blink_publisher': PYTHONPATH=/home/robotics/ros2_ws/install/blink_publisher/lib/python3.8/site-packages:${PYTHONPATH} /usr/bin/python3 setup.py egg_info --egg-base ../../build/blink_publisher build --build-base /home/robotics/ros2_ws/build/blink_publisher/build install --prefix /home/robotics/ros2_ws/install/blink_publisher --record /home/robotics/ros2_ws/build/blink_publisher/install.log --single-version-externally-managed
[2.446s] running egg_info
[2.450s] writing ../../build/blink_publisher/blink_publisher.egg-info/PKG-INFO
[2.451s] writing dependency_links to ../../build/blink_publisher/blink_publisher.egg-info/dependency_links.txt
[2.453s] writing entry points to ../../build/blink_publisher/blink_publisher.egg-info/entry_points.txt
[2.454s] writing requirements to ../../build/blink_publisher/blink_publisher.egg-info/requires.txt
[2.456s] writing top-level names to ../../build/blink_publisher/blink_publisher.egg-info/top_level.txt
[2.590s] reading manifest file '../../build/blink_publisher/blink_publisher.egg-info/SOURCES.txt'
[2.593s] writing manifest file '../../build/blink_publisher/blink_publisher.egg-info/SOURCES.txt'
[2.594s] running build
[2.595s] running build_py
[2.597s] running install
[2.600s] running install_lib
[2.605s] running install_data
[2.609s] running install_egg_info
[2.613s] removing '/home/robotics/ros2_ws/install/blink_publisher/lib/python3.8/site-packages/blink_publisher-0.0.0-py3.8.egg-info' (and everything under it)
[2.616s] Copying ../../build/blink_publisher/blink_publisher.egg-info to /home/robotics/ros2_ws/install/blink_publisher/lib/python3.8/site-packages/blink_publisher-0.0.0-py3.8.egg-info
[2.622s] running install_scripts
[2.696s] Installing blink script to /home/robotics/ros2_ws/install/blink_publisher/lib/blink_publisher
[2.698s] writing list of installed files to '/home/robotics/ros2_ws/build/blink_publisher/install.log'
[2.756s] Invoked command in '/home/robotics/ros2_ws/src/blink_publisher' returned '0': PYTHONPATH=/home/robotics/ros2_ws/install/blink_publisher/lib/python3.8/site-packages:${PYTHONPATH} /usr/bin/python3 setup.py egg_info --egg-base ../../build/blink_publisher build --build-base /home/robotics/ros2_ws/build/blink_publisher/build install --prefix /home/robotics/ros2_ws/install/blink_publisher --record /home/robotics/ros2_ws/build/blink_publisher/install.log --single-version-externally-managed
